# JRE version: OpenJDK Runtime Environment Temurin-21.0.10+7 (21.0.10+7) (build 21.0.10+7-LTS)
# Java VM: OpenJDK 64-Bit Server VM Temurin-21.0.10+7 (21.0.10+7-LTS, mixed mode, sharing, tiered, compressed oops, compressed class ptrs, parallel gc, windows-amd64)
GC Precious Log:
 CardTable entry size: 512
 CPUs: 2 total, 2 available
 Memory: 3459M
 Large Page Support: Disabled
 NUMA Support: Disabled
 Compressed Oops: Enabled (32-bit)
 Alignments: Space 512K, Generation 512K, Heap 2M
 Heap Min Capacity: 100M
 Heap Initial Capacity: 100M
 Heap Max Capacity: 2G
 Pre-touch: Disabled
 Parallel Workers: 2
Heap:
 PSYoungGen      total 6144K, used 6096K [0x00000000d5580000, 0x00000000d5f80000, 0x0000000100000000)
  eden space 4608K, 100% used [0x00000000d5580000,0x00000000d5a00000,0x00000000d5a00000)
  from space 1536K, 96% used [0x00000000d5c80000,0x00000000d5df4010,0x00000000d5e00000)
  to   space 1536K, 0% used [0x00000000d5e00000,0x00000000d5e00000,0x00000000d5f80000)
 ParOldGen       total 1373696K, used 1373209K [0x0000000080000000, 0x00000000d3d80000, 0x00000000d5580000)
  object space 1373696K, 99% used [0x0000000080000000,0x00000000d3d06578,0x00000000d3d80000)
 Metaspace       used 99799K, committed 101312K, reserved 1179648K
  class space    used 10005K, committed 10688K, reserved 1048576K
GC Heap History (20 events):
Event: 9230.100 GC heap before
{Heap before GC invocations=4445 (full 6):
 PSYoungGen      total 7168K, used 7140K [0x00000000d5580000, 0x00000000d6600000, 0x0000000100000000)
  eden space 4608K, 100% used [0x00000000d5580000,0x00000000d5a00000,0x00000000d5a00000)
  from space 2560K, 98% used [0x00000000d5a00000,0x00000000d5c79100,0x00000000d5c80000)
  to   space 6144K, 0% used [0x00000000d6000000,0x00000000d6000000,0x00000000d6600000)
 ParOldGen       total 1361920K, used 1361759K [0x0000000080000000, 0x00000000d3200000, 0x00000000d5580000)
  object space 1361920K, 99% used [0x0000000080000000,0x00000000d31d7c18,0x00000000d3200000)
 Metaspace       used 99794K, committed 101312K, reserved 1179648K
  class space    used 10005K, committed 10688K, reserved 1048576K
}
Event: 9230.110 GC heap after
{Heap after GC invocations=4445 (full 6):
 PSYoungGen      total 7168K, used 2360K [0x00000000d5580000, 0x00000000d6280000, 0x0000000100000000)
  eden space 4608K, 0% used [0x00000000d5580000,0x00000000d5580000,0x00000000d5a00000)
  from space 2560K, 92% used [0x00000000d6000000,0x00000000d624e000,0x00000000d6280000)
  to   space 3584K, 0% used [0x00000000d5b80000,0x00000000d5b80000,0x00000000d5f00000)
 ParOldGen       total 1364480K, used 1364219K [0x0000000080000000, 0x00000000d3480000, 0x00000000d5580000)
  object space 1364480K, 99% used [0x0000000080000000,0x00000000d343ed78,0x00000000d3480000)
 Metaspace       used 99794K, committed 101312K, reserved 1179648K
  class space    used 10005K, committed 10688K, reserved 1048576K
}
Event: 9230.141 GC heap before
{Heap before GC invocations=4446 (full 6):
 PSYoungGen      total 7168K, used 6968K [0x00000000d5580000, 0x00000000d6280000, 0x0000000100000000)
  eden space 4608K, 100% used [0x00000000d5580000,0x00000000d5a00000,0x00000000d5a00000)
  from space 2560K, 92% used [0x00000000d6000000,0x00000000d624e000,0x00000000d6280000)
  to   space 3584K, 0% used [0x00000000d5b80000,0x00000000d5b80000,0x00000000d5f00000)
 ParOldGen       total 1364480K, used 1364219K [0x0000000080000000, 0x00000000d3480000, 0x00000000d5580000)
  object space 1364480K, 99% used [0x0000000080000000,0x00000000d343ed78,0x00000000d3480000)
 Metaspace       used 99794K, committed 101312K, reserved 1179648K
  class space    used 10005K, committed 10688K, reserved 1048576K
}
Event: 9230.151 GC heap after
{Heap after GC invocations=4446 (full 6):
 PSYoungGen      total 8192K, used 3566K [0x00000000d5580000, 0x00000000d6700000, 0x0000000100000000)
  eden space 4608K, 0% used [0x00000000d5580000,0x00000000d5580000,0x00000000d5a00000)
  from space 3584K, 99% used [0x00000000d5b80000,0x00000000d5efba40,0x00000000d5f00000)
  to   space 6656K, 0% used [0x00000000d6080000,0x00000000d6080000,0x00000000d6700000)
 ParOldGen       total 1367040K, used 1366639K [0x0000000080000000, 0x00000000d3700000, 0x00000000d5580000)
  object space 1367040K, 99% used [0x0000000080000000,0x00000000d369bef8,0x00000000d3700000)
 Metaspace       used 99794K, committed 101312K, reserved 1179648K
  class space    used 10005K, committed 10688K, reserved 1048576K
}
Event: 9230.202 GC heap before
{Heap before GC invocations=4447 (full 6):
 PSYoungGen      total 8192K, used 8174K [0x00000000d5580000, 0x00000000d6700000, 0x0000000100000000)
  eden space 4608K, 100% used [0x00000000d5580000,0x00000000d5a00000,0x00000000d5a00000)
  from space 3584K, 99% used [0x00000000d5b80000,0x00000000d5efba40,0x00000000d5f00000)
  to   space 6656K, 0% used [0x00000000d6080000,0x00000000d6080000,0x00000000d6700000)
 ParOldGen       total 1367040K, used 1366639K [0x0000000080000000, 0x00000000d3700000, 0x00000000d5580000)
  object space 1367040K, 99% used [0x0000000080000000,0x00000000d369bef8,0x00000000d3700000)
 Metaspace       used 99794K, committed 101312K, reserved 1179648K
  class space    used 10005K, committed 10688K, reserved 1048576K
}
Event: 9230.210 GC heap after
{Heap after GC invocations=4447 (full 6):
 PSYoungGen      total 6656K, used 1592K [0x00000000d5580000, 0x00000000d6280000, 0x0000000100000000)
  eden space 4608K, 0% used [0x00000000d5580000,0x00000000d5580000,0x00000000d5a00000)
  from space 2048K, 77% used [0x00000000d6080000,0x00000000d620e388,0x00000000d6280000)
  to   space 3584K, 0% used [0x00000000d5b80000,0x00000000d5b80000,0x00000000d5f00000)
 ParOldGen       total 1370112K, used 1370054K [0x0000000080000000, 0x00000000d3a00000, 0x00000000d5580000)
  object space 1370112K, 99% used [0x0000000080000000,0x00000000d39f1938,0x00000000d3a00000)
 Metaspace       used 99794K, committed 101312K, reserved 1179648K
  class space    used 10005K, committed 10688K, reserved 1048576K
}
Event: 9230.258 GC heap before
{Heap before GC invocations=4448 (full 6):
 PSYoungGen      total 6656K, used 6200K [0x00000000d5580000, 0x00000000d6280000, 0x0000000100000000)
  eden space 4608K, 100% used [0x00000000d5580000,0x00000000d5a00000,0x00000000d5a00000)
  from space 2048K, 77% used [0x00000000d6080000,0x00000000d620e388,0x00000000d6280000)
  to   space 3584K, 0% used [0x00000000d5b80000,0x00000000d5b80000,0x00000000d5f00000)
 ParOldGen       total 1370112K, used 1370054K [0x0000000080000000, 0x00000000d3a00000, 0x00000000d5580000)
  object space 1370112K, 99% used [0x0000000080000000,0x00000000d39f1938,0x00000000d3a00000)
 Metaspace       used 99794K, committed 101312K, reserved 1179648K
  class space    used 10005K, committed 10688K, reserved 1048576K
}
Event: 9230.264 GC heap after
{Heap after GC invocations=4448 (full 6):
 PSYoungGen      total 8192K, used 744K [0x00000000d5580000, 0x00000000d6100000, 0x0000000100000000)
  eden space 4608K, 0% used [0x00000000d5580000,0x00000000d5580000,0x00000000d5a00000)
  from space 3584K, 20% used [0x00000000d5b80000,0x00000000d5c3a388,0x00000000d5f00000)
  to   space 1536K, 0% used [0x00000000d5f80000,0x00000000d5f80000,0x00000000d6100000)
 ParOldGen       total 1371136K, used 1370726K [0x0000000080000000, 0x00000000d3b00000, 0x00000000d5580000)
  object space 1371136K, 99% used [0x0000000080000000,0x00000000d3a99938,0x00000000d3b00000)
 Metaspace       used 99794K, committed 101312K, reserved 1179648K
  class space    used 10005K, committed 10688K, reserved 1048576K
}
Event: 9230.288 GC heap before
{Heap before GC invocations=4449 (full 6):
 PSYoungGen      total 8192K, used 5352K [0x00000000d5580000, 0x00000000d6100000, 0x0000000100000000)
  eden space 4608K, 100% used [0x00000000d5580000,0x00000000d5a00000,0x00000000d5a00000)
  from space 3584K, 20% used [0x00000000d5b80000,0x00000000d5c3a388,0x00000000d5f00000)
  to   space 1536K, 0% used [0x00000000d5f80000,0x00000000d5f80000,0x00000000d6100000)
 ParOldGen       total 1371136K, used 1370726K [0x0000000080000000, 0x00000000d3b00000, 0x00000000d5580000)
  object space 1371136K, 99% used [0x0000000080000000,0x00000000d3a99938,0x00000000d3b00000)
 Metaspace       used 99795K, committed 101312K, reserved 1179648K
  class space    used 10005K, committed 10688K, reserved 1048576K
}
Event: 9230.295 GC heap after
{Heap after GC invocations=4449 (full 6):
 PSYoungGen      total 6144K, used 1216K [0x00000000d5580000, 0x00000000d6100000, 0x0000000100000000)
  eden space 4608K, 0% used [0x00000000d5580000,0x00000000d5580000,0x00000000d5a00000)
  from space 1536K, 79% used [0x00000000d5f80000,0x00000000d60b0000,0x00000000d6100000)
  to   space 1536K, 0% used [0x00000000d5e00000,0x00000000d5e00000,0x00000000d5f80000)
 ParOldGen       total 1371648K, used 1371389K [0x0000000080000000, 0x00000000d3b80000, 0x00000000d5580000)
  object space 1371648K, 99% used [0x0000000080000000,0x00000000d3b3f610,0x00000000d3b80000)
 Metaspace       used 99795K, committed 101312K, reserved 1179648K
  class space    used 10005K, committed 10688K, reserved 1048576K
}
Event: 9230.461 GC heap before
{Heap before GC invocations=4450 (full 6):
 PSYoungGen      total 6144K, used 5824K [0x00000000d5580000, 0x00000000d6100000, 0x0000000100000000)
  eden space 4608K, 100% used [0x00000000d5580000,0x00000000d5a00000,0x00000000d5a00000)
  from space 1536K, 79% used [0x00000000d5f80000,0x00000000d60b0000,0x00000000d6100000)
  to   space 1536K, 0% used [0x00000000d5e00000,0x00000000d5e00000,0x00000000d5f80000)
 ParOldGen       total 1371648K, used 1371389K [0x0000000080000000, 0x00000000d3b80000, 0x00000000d5580000)
  object space 1371648K, 99% used [0x0000000080000000,0x00000000d3b3f610,0x00000000d3b80000)
 Metaspace       used 99795K, committed 101312K, reserved 1179648K
  class space    used 10005K, committed 10688K, reserved 1048576K
}
Event: 9230.468 GC heap after
{Heap after GC invocations=4450 (full 6):
 PSYoungGen      total 5632K, used 816K [0x00000000d5580000, 0x00000000d6000000, 0x0000000100000000)
  eden space 4608K, 0% used [0x00000000d5580000,0x00000000d5580000,0x00000000d5a00000)
  from space 1024K, 79% used [0x00000000d5e00000,0x00000000d5ecc030,0x00000000d5f00000)
  to   space 1024K, 0% used [0x00000000d5f00000,0x00000000d5f00000,0x00000000d6000000)
 ParOldGen       total 1372160K, used 1371821K [0x0000000080000000, 0x00000000d3c00000, 0x00000000d5580000)
  object space 1372160K, 99% used [0x0000000080000000,0x00000000d3bab610,0x00000000d3c00000)
 Metaspace       used 99795K, committed 101312K, reserved 1179648K
  class space    used 10005K, committed 10688K, reserved 1048576K
}
Event: 9230.480 GC heap before
{Heap before GC invocations=4451 (full 6):
 PSYoungGen      total 5632K, used 5424K [0x00000000d5580000, 0x00000000d6000000, 0x0000000100000000)
  eden space 4608K, 100% used [0x00000000d5580000,0x00000000d5a00000,0x00000000d5a00000)
  from space 1024K, 79% used [0x00000000d5e00000,0x00000000d5ecc030,0x00000000d5f00000)
  to   space 1024K, 0% used [0x00000000d5f00000,0x00000000d5f00000,0x00000000d6000000)
 ParOldGen       total 1372160K, used 1371821K [0x0000000080000000, 0x00000000d3c00000, 0x00000000d5580000)
  object space 1372160K, 99% used [0x0000000080000000,0x00000000d3bab610,0x00000000d3c00000)
 Metaspace       used 99796K, committed 101312K, reserved 1179648K
  class space    used 10005K, committed 10688K, reserved 1048576K
}
Event: 9230.485 GC heap after
{Heap after GC invocations=4451 (full 6):
 PSYoungGen      total 5632K, used 928K [0x00000000d5580000, 0x00000000d6000000, 0x0000000100000000)
  eden space 4608K, 0% used [0x00000000d5580000,0x00000000d5580000,0x00000000d5a00000)
  from space 1024K, 90% used [0x00000000d5f00000,0x00000000d5fe8000,0x00000000d6000000)
  to   space 1024K, 0% used [0x00000000d5e00000,0x00000000d5e00000,0x00000000d5f00000)
 ParOldGen       total 1372160K, used 1371909K [0x0000000080000000, 0x00000000d3c00000, 0x00000000d5580000)
  object space 1372160K, 99% used [0x0000000080000000,0x00000000d3bc1630,0x00000000d3c00000)
 Metaspace       used 99796K, committed 101312K, reserved 1179648K
  class space    used 10005K, committed 10688K, reserved 1048576K
}
Event: 9230.575 GC heap before
{Heap before GC invocations=4452 (full 6):
 PSYoungGen      total 5632K, used 5536K [0x00000000d5580000, 0x00000000d6000000, 0x0000000100000000)
  eden space 4608K, 100% used [0x00000000d5580000,0x00000000d5a00000,0x00000000d5a00000)
  from space 1024K, 90% used [0x00000000d5f00000,0x00000000d5fe8000,0x00000000d6000000)
  to   space 1024K, 0% used [0x00000000d5e00000,0x00000000d5e00000,0x00000000d5f00000)
 ParOldGen       total 1372160K, used 1371909K [0x0000000080000000, 0x00000000d3c00000, 0x00000000d5580000)
  object space 1372160K, 99% used [0x0000000080000000,0x00000000d3bc1630,0x00000000d3c00000)
 Metaspace       used 99799K, committed 101312K, reserved 1179648K
  class space    used 10005K, committed 10688K, reserved 1048576K
}
Event: 9230.581 GC heap after
{Heap after GC invocations=4452 (full 6):
 PSYoungGen      total 5632K, used 608K [0x00000000d5580000, 0x00000000d5f80000, 0x0000000100000000)
  eden space 4608K, 0% used [0x00000000d5580000,0x00000000d5580000,0x00000000d5a00000)
  from space 1024K, 59% used [0x00000000d5e00000,0x00000000d5e98020,0x00000000d5f00000)
  to   space 512K, 0% used [0x00000000d5f00000,0x00000000d5f00000,0x00000000d5f80000)
 ParOldGen       total 1372160K, used 1371925K [0x0000000080000000, 0x00000000d3c00000, 0x00000000d5580000)
  object space 1372160K, 99% used [0x0000000080000000,0x00000000d3bc5630,0x00000000d3c00000)
 Metaspace       used 99799K, committed 101312K, reserved 1179648K
  class space    used 10005K, committed 10688K, reserved 1048576K
}
Event: 9231.178 GC heap before
{Heap before GC invocations=4453 (full 6):
 PSYoungGen      total 5632K, used 5215K [0x00000000d5580000, 0x00000000d5f80000, 0x0000000100000000)
  eden space 4608K, 99% used [0x00000000d5580000,0x00000000d59fffb8,0x00000000d5a00000)
  from space 1024K, 59% used [0x00000000d5e00000,0x00000000d5e98020,0x00000000d5f00000)
  to   space 512K, 0% used [0x00000000d5f00000,0x00000000d5f00000,0x00000000d5f80000)
 ParOldGen       total 1372160K, used 1371925K [0x0000000080000000, 0x00000000d3c00000, 0x00000000d5580000)
  object space 1372160K, 99% used [0x0000000080000000,0x00000000d3bc5630,0x00000000d3c00000)
 Metaspace       used 99799K, committed 101312K, reserved 1179648K
  class space    used 10005K, committed 10688K, reserved 1048576K
}
Event: 9231.184 GC heap after
{Heap after GC invocations=4453 (full 6):
 PSYoungGen      total 5120K, used 512K [0x00000000d5580000, 0x00000000d5f80000, 0x0000000100000000)
  eden space 4608K, 0% used [0x00000000d5580000,0x00000000d5580000,0x00000000d5a00000)
  from space 512K, 100% used [0x00000000d5f00000,0x00000000d5f80000,0x00000000d5f80000)
  to   space 1536K, 0% used [0x00000000d5c80000,0x00000000d5c80000,0x00000000d5e00000)
 ParOldGen       total 1373184K, used 1372727K [0x0000000080000000, 0x00000000d3d00000, 0x00000000d5580000)
  object space 1373184K, 99% used [0x0000000080000000,0x00000000d3c8df98,0x00000000d3d00000)
 Metaspace       used 99799K, committed 101312K, reserved 1179648K
  class space    used 10005K, committed 10688K, reserved 1048576K
}
Event: 9231.200 GC heap before
{Heap before GC invocations=4454 (full 6):
 PSYoungGen      total 5120K, used 5120K [0x00000000d5580000, 0x00000000d5f80000, 0x0000000100000000)
  eden space 4608K, 100% used [0x00000000d5580000,0x00000000d5a00000,0x00000000d5a00000)
  from space 512K, 100% used [0x00000000d5f00000,0x00000000d5f80000,0x00000000d5f80000)
  to   space 1536K, 0% used [0x00000000d5c80000,0x00000000d5c80000,0x00000000d5e00000)
 ParOldGen       total 1373184K, used 1372727K [0x0000000080000000, 0x00000000d3d00000, 0x00000000d5580000)
  object space 1373184K, 99% used [0x0000000080000000,0x00000000d3c8df98,0x00000000d3d00000)
 Metaspace       used 99799K, committed 101312K, reserved 1179648K
  class space    used 10005K, committed 10688K, reserved 1048576K
}
Event: 9231.208 GC heap after
{Heap after GC invocations=4454 (full 6):
 PSYoungGen      total 6144K, used 1488K [0x00000000d5580000, 0x00000000d5f80000, 0x0000000100000000)
  eden space 4608K, 0% used [0x00000000d5580000,0x00000000d5580000,0x00000000d5a00000)
  from space 1536K, 96% used [0x00000000d5c80000,0x00000000d5df4010,0x00000000d5e00000)
  to   space 1536K, 0% used [0x00000000d5e00000,0x00000000d5e00000,0x00000000d5f80000)
 ParOldGen       total 1373696K, used 1373209K [0x0000000080000000, 0x00000000d3d80000, 0x00000000d5580000)
  object space 1373696K, 99% used [0x0000000080000000,0x00000000d3d06578,0x00000000d3d80000)
 Metaspace       used 99799K, committed 101312K, reserved 1179648K
  class space    used 10005K, committed 10688K, reserved 1048576K
}

