# JRE version: OpenJDK Runtime Environment Temurin-21.0.11+10 (21.0.11+10) (build 21.0.11+10-LTS)
# Java VM: OpenJDK 64-Bit Server VM Temurin-21.0.11+10 (21.0.11+10-LTS, mixed mode, sharing, tiered, compressed oops, compressed class ptrs, parallel gc, windows-amd64)
GC Precious Log:
 CardTable entry size: 512
 CPUs: 2 total, 2 available
 Memory: 3459M
 Large Page Support: Disabled
 NUMA Support: Disabled
 Compressed Oops: Enabled (32-bit)
 Alignments: Space 512K, Generation 512K, Heap 2M
 Heap Min Capacity: 100M
 Heap Initial Capacity: 100M
 Heap Max Capacity: 2G
 Pre-touch: Disabled
 Parallel Workers: 2
Heap:
 PSYoungGen      total 5632K, used 3397K [0x00000000d5580000, 0x00000000d5c80000, 0x0000000100000000)
  eden space 4096K, 55% used [0x00000000d5580000,0x00000000d57b5538,0x00000000d5980000)
  from space 1536K, 73% used [0x00000000d5980000,0x00000000d5a9c010,0x00000000d5b00000)
  to   space 1536K, 0% used [0x00000000d5b00000,0x00000000d5b00000,0x00000000d5c80000)
 ParOldGen       total 149504K, used 149394K [0x0000000080000000, 0x0000000089200000, 0x00000000d5580000)
  object space 149504K, 99% used [0x0000000080000000,0x00000000891e4bc0,0x0000000089200000)
 Metaspace       used 71732K, committed 73280K, reserved 1114112K
  class space    used 7301K, committed 8000K, reserved 1048576K
GC Heap History (20 events):
Event: 479.238 GC heap before
{Heap before GC invocations=93 (full 3):
 PSYoungGen      total 7168K, used 7025K [0x00000000d5580000, 0x00000000d6380000, 0x0000000100000000)
  eden space 4096K, 100% used [0x00000000d5580000,0x00000000d5980000,0x00000000d5980000)
  from space 3072K, 95% used [0x00000000d5980000,0x00000000d5c5c700,0x00000000d5c80000)
  to   space 5120K, 0% used [0x00000000d5e80000,0x00000000d5e80000,0x00000000d6380000)
 ParOldGen       total 138240K, used 137835K [0x0000000080000000, 0x0000000088700000, 0x00000000d5580000)
  object space 138240K, 99% used [0x0000000080000000,0x000000008869ad80,0x0000000088700000)
 Metaspace       used 71529K, committed 73088K, reserved 1114112K
  class space    used 7283K, committed 8000K, reserved 1048576K
}
Event: 479.251 GC heap after
{Heap after GC invocations=93 (full 3):
 PSYoungGen      total 6656K, used 2464K [0x00000000d5580000, 0x00000000d6100000, 0x0000000100000000)
  eden space 4096K, 0% used [0x00000000d5580000,0x00000000d5580000,0x00000000d5980000)
  from space 2560K, 96% used [0x00000000d5e80000,0x00000000d60e8020,0x00000000d6100000)
  to   space 3072K, 0% used [0x00000000d5b00000,0x00000000d5b00000,0x00000000d5e00000)
 ParOldGen       total 140800K, used 140732K [0x0000000080000000, 0x0000000088980000, 0x00000000d5580000)
  object space 140800K, 99% used [0x0000000080000000,0x000000008896f380,0x0000000088980000)
 Metaspace       used 71529K, committed 73088K, reserved 1114112K
  class space    used 7283K, committed 8000K, reserved 1048576K
}
Event: 479.503 GC heap before
{Heap before GC invocations=94 (full 3):
 PSYoungGen      total 6656K, used 6560K [0x00000000d5580000, 0x00000000d6100000, 0x0000000100000000)
  eden space 4096K, 100% used [0x00000000d5580000,0x00000000d5980000,0x00000000d5980000)
  from space 2560K, 96% used [0x00000000d5e80000,0x00000000d60e8020,0x00000000d6100000)
  to   space 3072K, 0% used [0x00000000d5b00000,0x00000000d5b00000,0x00000000d5e00000)
 ParOldGen       total 140800K, used 140732K [0x0000000080000000, 0x0000000088980000, 0x00000000d5580000)
  object space 140800K, 99% used [0x0000000080000000,0x000000008896f380,0x0000000088980000)
 Metaspace       used 71551K, committed 73152K, reserved 1114112K
  class space    used 7283K, committed 8000K, reserved 1048576K
}
Event: 479.509 GC heap after
{Heap after GC invocations=94 (full 3):
 PSYoungGen      total 5120K, used 1024K [0x00000000d5580000, 0x00000000d5f00000, 0x0000000100000000)
  eden space 4096K, 0% used [0x00000000d5580000,0x00000000d5580000,0x00000000d5980000)
  from space 1024K, 100% used [0x00000000d5b00000,0x00000000d5c00000,0x00000000d5c00000)
  to   space 2048K, 0% used [0x00000000d5d00000,0x00000000d5d00000,0x00000000d5f00000)
 ParOldGen       total 143360K, used 143153K [0x0000000080000000, 0x0000000088c00000, 0x00000000d5580000)
  object space 143360K, 99% used [0x0000000080000000,0x0000000088bcc668,0x0000000088c00000)
 Metaspace       used 71551K, committed 73152K, reserved 1114112K
  class space    used 7283K, committed 8000K, reserved 1048576K
}
Event: 479.559 GC heap before
{Heap before GC invocations=95 (full 3):
 PSYoungGen      total 5120K, used 5120K [0x00000000d5580000, 0x00000000d5f00000, 0x0000000100000000)
  eden space 4096K, 100% used [0x00000000d5580000,0x00000000d5980000,0x00000000d5980000)
  from space 1024K, 100% used [0x00000000d5b00000,0x00000000d5c00000,0x00000000d5c00000)
  to   space 2048K, 0% used [0x00000000d5d00000,0x00000000d5d00000,0x00000000d5f00000)
 ParOldGen       total 143360K, used 143153K [0x0000000080000000, 0x0000000088c00000, 0x00000000d5580000)
  object space 143360K, 99% used [0x0000000080000000,0x0000000088bcc668,0x0000000088c00000)
 Metaspace       used 71566K, committed 73152K, reserved 1114112K
  class space    used 7284K, committed 8000K, reserved 1048576K
}
Event: 479.564 GC heap after
{Heap after GC invocations=95 (full 3):
 PSYoungGen      total 5632K, used 1152K [0x00000000d5580000, 0x00000000d5e80000, 0x0000000100000000)
  eden space 4096K, 0% used [0x00000000d5580000,0x00000000d5580000,0x00000000d5980000)
  from space 1536K, 75% used [0x00000000d5d00000,0x00000000d5e20000,0x00000000d5e80000)
  to   space 1536K, 0% used [0x00000000d5b80000,0x00000000d5b80000,0x00000000d5d00000)
 ParOldGen       total 144384K, used 144098K [0x0000000080000000, 0x0000000088d00000, 0x00000000d5580000)
  object space 144384K, 99% used [0x0000000080000000,0x0000000088cb88d0,0x0000000088d00000)
 Metaspace       used 71566K, committed 73152K, reserved 1114112K
  class space    used 7284K, committed 8000K, reserved 1048576K
}
Event: 479.646 GC heap before
{Heap before GC invocations=96 (full 3):
 PSYoungGen      total 5632K, used 5248K [0x00000000d5580000, 0x00000000d5e80000, 0x0000000100000000)
  eden space 4096K, 100% used [0x00000000d5580000,0x00000000d5980000,0x00000000d5980000)
  from space 1536K, 75% used [0x00000000d5d00000,0x00000000d5e20000,0x00000000d5e80000)
  to   space 1536K, 0% used [0x00000000d5b80000,0x00000000d5b80000,0x00000000d5d00000)
 ParOldGen       total 144384K, used 144098K [0x0000000080000000, 0x0000000088d00000, 0x00000000d5580000)
  object space 144384K, 99% used [0x0000000080000000,0x0000000088cb88d0,0x0000000088d00000)
 Metaspace       used 71577K, committed 73152K, reserved 1114112K
  class space    used 7285K, committed 8000K, reserved 1048576K
}
Event: 479.649 GC heap after
{Heap after GC invocations=96 (full 3):
 PSYoungGen      total 4608K, used 288K [0x00000000d5580000, 0x00000000d5d80000, 0x0000000100000000)
  eden space 4096K, 0% used [0x00000000d5580000,0x00000000d5580000,0x00000000d5980000)
  from space 512K, 56% used [0x00000000d5b80000,0x00000000d5bc8000,0x00000000d5c00000)
  to   space 1024K, 0% used [0x00000000d5c80000,0x00000000d5c80000,0x00000000d5d80000)
 ParOldGen       total 145408K, used 145194K [0x0000000080000000, 0x0000000088e00000, 0x00000000d5580000)
  object space 145408K, 99% used [0x0000000080000000,0x0000000088dcaaf8,0x0000000088e00000)
 Metaspace       used 71577K, committed 73152K, reserved 1114112K
  class space    used 7285K, committed 8000K, reserved 1048576K
}
Event: 479.860 GC heap before
{Heap before GC invocations=97 (full 3):
 PSYoungGen      total 4608K, used 4384K [0x00000000d5580000, 0x00000000d5d80000, 0x0000000100000000)
  eden space 4096K, 100% used [0x00000000d5580000,0x00000000d5980000,0x00000000d5980000)
  from space 512K, 56% used [0x00000000d5b80000,0x00000000d5bc8000,0x00000000d5c00000)
  to   space 1024K, 0% used [0x00000000d5c80000,0x00000000d5c80000,0x00000000d5d80000)
 ParOldGen       total 145408K, used 145194K [0x0000000080000000, 0x0000000088e00000, 0x00000000d5580000)
  object space 145408K, 99% used [0x0000000080000000,0x0000000088dcaaf8,0x0000000088e00000)
 Metaspace       used 71680K, committed 73216K, reserved 1114112K
  class space    used 7294K, committed 8000K, reserved 1048576K
}
Event: 479.862 GC heap after
{Heap after GC invocations=97 (full 3):
 PSYoungGen      total 4608K, used 256K [0x00000000d5580000, 0x00000000d5d00000, 0x0000000100000000)
  eden space 4096K, 0% used [0x00000000d5580000,0x00000000d5580000,0x00000000d5980000)
  from space 512K, 50% used [0x00000000d5c80000,0x00000000d5cc0020,0x00000000d5d00000)
  to   space 512K, 0% used [0x00000000d5b80000,0x00000000d5b80000,0x00000000d5c00000)
 ParOldGen       total 145920K, used 145458K [0x0000000080000000, 0x0000000088e80000, 0x00000000d5580000)
  object space 145920K, 99% used [0x0000000080000000,0x0000000088e0caf8,0x0000000088e80000)
 Metaspace       used 71680K, committed 73216K, reserved 1114112K
  class space    used 7294K, committed 8000K, reserved 1048576K
}
Event: 479.948 GC heap before
{Heap before GC invocations=98 (full 3):
 PSYoungGen      total 4608K, used 4351K [0x00000000d5580000, 0x00000000d5d00000, 0x0000000100000000)
  eden space 4096K, 99% used [0x00000000d5580000,0x00000000d597ffb8,0x00000000d5980000)
  from space 512K, 50% used [0x00000000d5c80000,0x00000000d5cc0020,0x00000000d5d00000)
  to   space 512K, 0% used [0x00000000d5b80000,0x00000000d5b80000,0x00000000d5c00000)
 ParOldGen       total 145920K, used 145458K [0x0000000080000000, 0x0000000088e80000, 0x00000000d5580000)
  object space 145920K, 99% used [0x0000000080000000,0x0000000088e0caf8,0x0000000088e80000)
 Metaspace       used 71705K, committed 73280K, reserved 1114112K
  class space    used 7298K, committed 8000K, reserved 1048576K
}
Event: 479.952 GC heap after
{Heap after GC invocations=98 (full 3):
 PSYoungGen      total 4608K, used 512K [0x00000000d5580000, 0x00000000d5d80000, 0x0000000100000000)
  eden space 4096K, 0% used [0x00000000d5580000,0x00000000d5580000,0x00000000d5980000)
  from space 512K, 100% used [0x00000000d5b80000,0x00000000d5c00000,0x00000000d5c00000)
  to   space 1536K, 0% used [0x00000000d5c00000,0x00000000d5c00000,0x00000000d5d80000)
 ParOldGen       total 146432K, used 146323K [0x0000000080000000, 0x0000000088f00000, 0x00000000d5580000)
  object space 146432K, 99% used [0x0000000080000000,0x0000000088ee4c28,0x0000000088f00000)
 Metaspace       used 71705K, committed 73280K, reserved 1114112K
  class space    used 7298K, committed 8000K, reserved 1048576K
}
Event: 480.114 GC heap before
{Heap before GC invocations=99 (full 3):
 PSYoungGen      total 4608K, used 4608K [0x00000000d5580000, 0x00000000d5d80000, 0x0000000100000000)
  eden space 4096K, 100% used [0x00000000d5580000,0x00000000d5980000,0x00000000d5980000)
  from space 512K, 100% used [0x00000000d5b80000,0x00000000d5c00000,0x00000000d5c00000)
  to   space 1536K, 0% used [0x00000000d5c00000,0x00000000d5c00000,0x00000000d5d80000)
 ParOldGen       total 146432K, used 146323K [0x0000000080000000, 0x0000000088f00000, 0x00000000d5580000)
  object space 146432K, 99% used [0x0000000080000000,0x0000000088ee4c28,0x0000000088f00000)
 Metaspace       used 71707K, committed 73280K, reserved 1114112K
  class space    used 7298K, committed 8000K, reserved 1048576K
}
Event: 480.118 GC heap after
{Heap after GC invocations=99 (full 3):
 PSYoungGen      total 5632K, used 1313K [0x00000000d5580000, 0x00000000d5d80000, 0x0000000100000000)
  eden space 4096K, 0% used [0x00000000d5580000,0x00000000d5580000,0x00000000d5980000)
  from space 1536K, 85% used [0x00000000d5c00000,0x00000000d5d484d0,0x00000000d5d80000)
  to   space 1536K, 0% used [0x00000000d5a80000,0x00000000d5a80000,0x00000000d5c00000)
 ParOldGen       total 146944K, used 146851K [0x0000000080000000, 0x0000000088f80000, 0x00000000d5580000)
  object space 146944K, 99% used [0x0000000080000000,0x0000000088f68c28,0x0000000088f80000)
 Metaspace       used 71707K, committed 73280K, reserved 1114112K
  class space    used 7298K, committed 8000K, reserved 1048576K
}
Event: 480.161 GC heap before
{Heap before GC invocations=100 (full 3):
 PSYoungGen      total 5632K, used 5409K [0x00000000d5580000, 0x00000000d5d80000, 0x0000000100000000)
  eden space 4096K, 99% used [0x00000000d5580000,0x00000000d597ff78,0x00000000d5980000)
  from space 1536K, 85% used [0x00000000d5c00000,0x00000000d5d484d0,0x00000000d5d80000)
  to   space 1536K, 0% used [0x00000000d5a80000,0x00000000d5a80000,0x00000000d5c00000)
 ParOldGen       total 146944K, used 146851K [0x0000000080000000, 0x0000000088f80000, 0x00000000d5580000)
  object space 146944K, 99% used [0x0000000080000000,0x0000000088f68c28,0x0000000088f80000)
 Metaspace       used 71716K, committed 73280K, reserved 1114112K
  class space    used 7299K, committed 8000K, reserved 1048576K
}
Event: 480.165 GC heap after
{Heap after GC invocations=100 (full 3):
 PSYoungGen      total 4608K, used 496K [0x00000000d5580000, 0x00000000d5c80000, 0x0000000100000000)
  eden space 4096K, 0% used [0x00000000d5580000,0x00000000d5580000,0x00000000d5980000)
  from space 512K, 96% used [0x00000000d5a80000,0x00000000d5afc248,0x00000000d5b00000)
  to   space 1024K, 0% used [0x00000000d5b80000,0x00000000d5b80000,0x00000000d5c80000)
 ParOldGen       total 147968K, used 147633K [0x0000000080000000, 0x0000000089080000, 0x00000000d5580000)
  object space 147968K, 99% used [0x0000000080000000,0x000000008902c4c8,0x0000000089080000)
 Metaspace       used 71716K, committed 73280K, reserved 1114112K
  class space    used 7299K, committed 8000K, reserved 1048576K
}
Event: 480.220 GC heap before
{Heap before GC invocations=101 (full 3):
 PSYoungGen      total 4608K, used 4592K [0x00000000d5580000, 0x00000000d5c80000, 0x0000000100000000)
  eden space 4096K, 100% used [0x00000000d5580000,0x00000000d5980000,0x00000000d5980000)
  from space 512K, 96% used [0x00000000d5a80000,0x00000000d5afc248,0x00000000d5b00000)
  to   space 1024K, 0% used [0x00000000d5b80000,0x00000000d5b80000,0x00000000d5c80000)
 ParOldGen       total 147968K, used 147633K [0x0000000080000000, 0x0000000089080000, 0x00000000d5580000)
  object space 147968K, 99% used [0x0000000080000000,0x000000008902c4c8,0x0000000089080000)
 Metaspace       used 71718K, committed 73280K, reserved 1114112K
  class space    used 7299K, committed 8000K, reserved 1048576K
}
Event: 480.223 GC heap after
{Heap after GC invocations=101 (full 3):
 PSYoungGen      total 5120K, used 1008K [0x00000000d5580000, 0x00000000d5d80000, 0x0000000100000000)
  eden space 4096K, 0% used [0x00000000d5580000,0x00000000d5580000,0x00000000d5980000)
  from space 1024K, 98% used [0x00000000d5b80000,0x00000000d5c7c010,0x00000000d5c80000)
  to   space 2048K, 0% used [0x00000000d5980000,0x00000000d5980000,0x00000000d5b80000)
 ParOldGen       total 148480K, used 148374K [0x0000000080000000, 0x0000000089100000, 0x00000000d5580000)
  object space 148480K, 99% used [0x0000000080000000,0x00000000890e5b90,0x0000000089100000)
 Metaspace       used 71718K, committed 73280K, reserved 1114112K
  class space    used 7299K, committed 8000K, reserved 1048576K
}
Event: 482.475 GC heap before
{Heap before GC invocations=102 (full 3):
 PSYoungGen      total 5120K, used 5104K [0x00000000d5580000, 0x00000000d5d80000, 0x0000000100000000)
  eden space 4096K, 100% used [0x00000000d5580000,0x00000000d5980000,0x00000000d5980000)
  from space 1024K, 98% used [0x00000000d5b80000,0x00000000d5c7c010,0x00000000d5c80000)
  to   space 2048K, 0% used [0x00000000d5980000,0x00000000d5980000,0x00000000d5b80000)
 ParOldGen       total 148480K, used 148374K [0x0000000080000000, 0x0000000089100000, 0x00000000d5580000)
  object space 148480K, 99% used [0x0000000080000000,0x00000000890e5b90,0x0000000089100000)
 Metaspace       used 71729K, committed 73280K, reserved 1114112K
  class space    used 7301K, committed 8000K, reserved 1048576K
}
Event: 482.479 GC heap after
{Heap after GC invocations=102 (full 3):
 PSYoungGen      total 5632K, used 1136K [0x00000000d5580000, 0x00000000d5c80000, 0x0000000100000000)
  eden space 4096K, 0% used [0x00000000d5580000,0x00000000d5580000,0x00000000d5980000)
  from space 1536K, 73% used [0x00000000d5980000,0x00000000d5a9c010,0x00000000d5b00000)
  to   space 1536K, 0% used [0x00000000d5b00000,0x00000000d5b00000,0x00000000d5c80000)
 ParOldGen       total 149504K, used 149394K [0x0000000080000000, 0x0000000089200000, 0x00000000d5580000)
  object space 149504K, 99% used [0x0000000080000000,0x00000000891e4bc0,0x0000000089200000)
 Metaspace       used 71729K, committed 73280K, reserved 1114112K
  class space    used 7301K, committed 8000K, reserved 1048576K
}

