# JRE version: OpenJDK Runtime Environment Temurin-21.0.11+10 (21.0.11+10) (build 21.0.11+10-LTS)
# Java VM: OpenJDK 64-Bit Server VM Temurin-21.0.11+10 (21.0.11+10-LTS, mixed mode, sharing, tiered, compressed oops, compressed class ptrs, parallel gc, windows-amd64)
GC Precious Log:
 CardTable entry size: 512
 CPUs: 2 total, 2 available
 Memory: 3459M
 Large Page Support: Disabled
 NUMA Support: Disabled
 Compressed Oops: Enabled (32-bit)
 Alignments: Space 512K, Generation 512K, Heap 2M
 Heap Min Capacity: 100M
 Heap Initial Capacity: 100M
 Heap Max Capacity: 2G
 Pre-touch: Disabled
 Parallel Workers: 2
Heap:
 PSYoungGen      total 5120K, used 2555K [0x00000000d5580000, 0x00000000d5d00000, 0x0000000100000000)
  eden space 4096K, 45% used [0x00000000d5580000,0x00000000d574edc0,0x00000000d5980000)
  from space 1024K, 68% used [0x00000000d5b00000,0x00000000d5bb0000,0x00000000d5c00000)
  to   space 1024K, 0% used [0x00000000d5c00000,0x00000000d5c00000,0x00000000d5d00000)
 ParOldGen       total 488960K, used 488500K [0x0000000080000000, 0x000000009dd80000, 0x00000000d5580000)
  object space 488960K, 99% used [0x0000000080000000,0x000000009dd0d150,0x000000009dd80000)
 Metaspace       used 85408K, committed 87232K, reserved 1179648K
  class space    used 8792K, committed 9600K, reserved 1048576K
GC Heap History (20 events):
Event: 773.840 GC heap before
{Heap before GC invocations=1032 (full 4):
 PSYoungGen      total 7168K, used 6805K [0x00000000d5580000, 0x00000000d5d80000, 0x0000000100000000)
  eden space 6144K, 100% used [0x00000000d5580000,0x00000000d5b80000,0x00000000d5b80000)
  from space 1024K, 64% used [0x00000000d5b80000,0x00000000d5c25668,0x00000000d5c80000)
  to   space 1024K, 0% used [0x00000000d5c80000,0x00000000d5c80000,0x00000000d5d80000)
 ParOldGen       total 473088K, used 472966K [0x0000000080000000, 0x000000009ce00000, 0x00000000d5580000)
  object space 473088K, 99% used [0x0000000080000000,0x000000009cde19e0,0x000000009ce00000)
 Metaspace       used 85396K, committed 87232K, reserved 1179648K
  class space    used 8792K, committed 9600K, reserved 1048576K
}
Event: 773.846 GC heap after
{Heap after GC invocations=1032 (full 4):
 PSYoungGen      total 5120K, used 1017K [0x00000000d5580000, 0x00000000d6180000, 0x0000000100000000)
  eden space 4096K, 0% used [0x00000000d5580000,0x00000000d5580000,0x00000000d5980000)
  from space 1024K, 99% used [0x00000000d5c80000,0x00000000d5d7e798,0x00000000d5d80000)
  to   space 3072K, 0% used [0x00000000d5980000,0x00000000d5980000,0x00000000d5c80000)
 ParOldGen       total 474624K, used 474462K [0x0000000080000000, 0x000000009cf80000, 0x00000000d5580000)
  object space 474624K, 99% used [0x0000000080000000,0x000000009cf579f0,0x000000009cf80000)
 Metaspace       used 85396K, committed 87232K, reserved 1179648K
  class space    used 8792K, committed 9600K, reserved 1048576K
}
Event: 773.866 GC heap before
{Heap before GC invocations=1033 (full 4):
 PSYoungGen      total 5120K, used 5113K [0x00000000d5580000, 0x00000000d6180000, 0x0000000100000000)
  eden space 4096K, 100% used [0x00000000d5580000,0x00000000d5980000,0x00000000d5980000)
  from space 1024K, 99% used [0x00000000d5c80000,0x00000000d5d7e798,0x00000000d5d80000)
  to   space 3072K, 0% used [0x00000000d5980000,0x00000000d5980000,0x00000000d5c80000)
 ParOldGen       total 474624K, used 474462K [0x0000000080000000, 0x000000009cf80000, 0x00000000d5580000)
  object space 474624K, 99% used [0x0000000080000000,0x000000009cf579f0,0x000000009cf80000)
 Metaspace       used 85396K, committed 87232K, reserved 1179648K
  class space    used 8792K, committed 9600K, reserved 1048576K
}
Event: 773.874 GC heap after
{Heap after GC invocations=1033 (full 4):
 PSYoungGen      total 7168K, used 3072K [0x00000000d5580000, 0x00000000d6480000, 0x0000000100000000)
  eden space 4096K, 0% used [0x00000000d5580000,0x00000000d5580000,0x00000000d5980000)
  from space 3072K, 100% used [0x00000000d5980000,0x00000000d5c80000,0x00000000d5c80000)
  to   space 5632K, 0% used [0x00000000d5f00000,0x00000000d5f00000,0x00000000d6480000)
 ParOldGen       total 476672K, used 476192K [0x0000000080000000, 0x000000009d180000, 0x00000000d5580000)
  object space 476672K, 99% used [0x0000000080000000,0x000000009d108198,0x000000009d180000)
 Metaspace       used 85396K, committed 87232K, reserved 1179648K
  class space    used 8792K, committed 9600K, reserved 1048576K
}
Event: 773.947 GC heap before
{Heap before GC invocations=1034 (full 4):
 PSYoungGen      total 7168K, used 7168K [0x00000000d5580000, 0x00000000d6480000, 0x0000000100000000)
  eden space 4096K, 100% used [0x00000000d5580000,0x00000000d5980000,0x00000000d5980000)
  from space 3072K, 100% used [0x00000000d5980000,0x00000000d5c80000,0x00000000d5c80000)
  to   space 5632K, 0% used [0x00000000d5f00000,0x00000000d5f00000,0x00000000d6480000)
 ParOldGen       total 476672K, used 476192K [0x0000000080000000, 0x000000009d180000, 0x00000000d5580000)
  object space 476672K, 99% used [0x0000000080000000,0x000000009d108198,0x000000009d180000)
 Metaspace       used 85398K, committed 87232K, reserved 1179648K
  class space    used 8792K, committed 9600K, reserved 1048576K
}
Event: 773.956 GC heap after
{Heap after GC invocations=1034 (full 4):
 PSYoungGen      total 7680K, used 3205K [0x00000000d5580000, 0x00000000d6280000, 0x0000000100000000)
  eden space 4096K, 0% used [0x00000000d5580000,0x00000000d5580000,0x00000000d5980000)
  from space 3584K, 89% used [0x00000000d5f00000,0x00000000d6221700,0x00000000d6280000)
  to   space 4096K, 0% used [0x00000000d5a80000,0x00000000d5a80000,0x00000000d5e80000)
 ParOldGen       total 479744K, used 479296K [0x0000000080000000, 0x000000009d480000, 0x00000000d5580000)
  object space 479744K, 99% used [0x0000000080000000,0x000000009d410198,0x000000009d480000)
 Metaspace       used 85398K, committed 87232K, reserved 1179648K
  class space    used 8792K, committed 9600K, reserved 1048576K
}
Event: 774.003 GC heap before
{Heap before GC invocations=1035 (full 4):
 PSYoungGen      total 7680K, used 7301K [0x00000000d5580000, 0x00000000d6280000, 0x0000000100000000)
  eden space 4096K, 100% used [0x00000000d5580000,0x00000000d5980000,0x00000000d5980000)
  from space 3584K, 89% used [0x00000000d5f00000,0x00000000d6221700,0x00000000d6280000)
  to   space 4096K, 0% used [0x00000000d5a80000,0x00000000d5a80000,0x00000000d5e80000)
 ParOldGen       total 479744K, used 479296K [0x0000000080000000, 0x000000009d480000, 0x00000000d5580000)
  object space 479744K, 99% used [0x0000000080000000,0x000000009d410198,0x000000009d480000)
 Metaspace       used 85398K, committed 87232K, reserved 1179648K
  class space    used 8792K, committed 9600K, reserved 1048576K
}
Event: 774.014 GC heap after
{Heap after GC invocations=1035 (full 4):
 PSYoungGen      total 7680K, used 3392K [0x00000000d5580000, 0x00000000d6080000, 0x0000000100000000)
  eden space 4096K, 0% used [0x00000000d5580000,0x00000000d5580000,0x00000000d5980000)
  from space 3584K, 94% used [0x00000000d5a80000,0x00000000d5dd0000,0x00000000d5e00000)
  to   space 2560K, 0% used [0x00000000d5e00000,0x00000000d5e00000,0x00000000d6080000)
 ParOldGen       total 482816K, used 482494K [0x0000000080000000, 0x000000009d780000, 0x00000000d5580000)
  object space 482816K, 99% used [0x0000000080000000,0x000000009d72f898,0x000000009d780000)
 Metaspace       used 85398K, committed 87232K, reserved 1179648K
  class space    used 8792K, committed 9600K, reserved 1048576K
}
Event: 774.036 GC heap before
{Heap before GC invocations=1036 (full 4):
 PSYoungGen      total 7680K, used 7488K [0x00000000d5580000, 0x00000000d6080000, 0x0000000100000000)
  eden space 4096K, 100% used [0x00000000d5580000,0x00000000d5980000,0x00000000d5980000)
  from space 3584K, 94% used [0x00000000d5a80000,0x00000000d5dd0000,0x00000000d5e00000)
  to   space 2560K, 0% used [0x00000000d5e00000,0x00000000d5e00000,0x00000000d6080000)
 ParOldGen       total 482816K, used 482494K [0x0000000080000000, 0x000000009d780000, 0x00000000d5580000)
  object space 482816K, 99% used [0x0000000080000000,0x000000009d72f898,0x000000009d780000)
 Metaspace       used 85402K, committed 87232K, reserved 1179648K
  class space    used 8792K, committed 9600K, reserved 1048576K
}
Event: 774.043 GC heap after
{Heap after GC invocations=1036 (full 4):
 PSYoungGen      total 5632K, used 1317K [0x00000000d5580000, 0x00000000d5f80000, 0x0000000100000000)
  eden space 4096K, 0% used [0x00000000d5580000,0x00000000d5580000,0x00000000d5980000)
  from space 1536K, 85% used [0x00000000d5e00000,0x00000000d5f49658,0x00000000d5f80000)
  to   space 2560K, 0% used [0x00000000d5a80000,0x00000000d5a80000,0x00000000d5d00000)
 ParOldGen       total 485888K, used 485745K [0x0000000080000000, 0x000000009da80000, 0x00000000d5580000)
  object space 485888K, 99% used [0x0000000080000000,0x000000009da5c7b8,0x000000009da80000)
 Metaspace       used 85402K, committed 87232K, reserved 1179648K
  class space    used 8792K, committed 9600K, reserved 1048576K
}
Event: 774.135 GC heap before
{Heap before GC invocations=1037 (full 4):
 PSYoungGen      total 5632K, used 5413K [0x00000000d5580000, 0x00000000d5f80000, 0x0000000100000000)
  eden space 4096K, 100% used [0x00000000d5580000,0x00000000d5980000,0x00000000d5980000)
  from space 1536K, 85% used [0x00000000d5e00000,0x00000000d5f49658,0x00000000d5f80000)
  to   space 2560K, 0% used [0x00000000d5a80000,0x00000000d5a80000,0x00000000d5d00000)
 ParOldGen       total 485888K, used 485745K [0x0000000080000000, 0x000000009da80000, 0x00000000d5580000)
  object space 485888K, 99% used [0x0000000080000000,0x000000009da5c7b8,0x000000009da80000)
 Metaspace       used 85404K, committed 87232K, reserved 1179648K
  class space    used 8792K, committed 9600K, reserved 1048576K
}
Event: 774.141 GC heap after
{Heap after GC invocations=1037 (full 4):
 PSYoungGen      total 6656K, used 1184K [0x00000000d5580000, 0x00000000d5e80000, 0x0000000100000000)
  eden space 4096K, 0% used [0x00000000d5580000,0x00000000d5580000,0x00000000d5980000)
  from space 2560K, 46% used [0x00000000d5a80000,0x00000000d5ba8000,0x00000000d5d00000)
  to   space 1536K, 0% used [0x00000000d5d00000,0x00000000d5d00000,0x00000000d5e80000)
 ParOldGen       total 487424K, used 487016K [0x0000000080000000, 0x000000009dc00000, 0x00000000d5580000)
  object space 487424K, 99% used [0x0000000080000000,0x000000009db9a200,0x000000009dc00000)
 Metaspace       used 85404K, committed 87232K, reserved 1179648K
  class space    used 8792K, committed 9600K, reserved 1048576K
}
Event: 774.514 GC heap before
{Heap before GC invocations=1038 (full 4):
 PSYoungGen      total 6656K, used 5280K [0x00000000d5580000, 0x00000000d5e80000, 0x0000000100000000)
  eden space 4096K, 100% used [0x00000000d5580000,0x00000000d5980000,0x00000000d5980000)
  from space 2560K, 46% used [0x00000000d5a80000,0x00000000d5ba8000,0x00000000d5d00000)
  to   space 1536K, 0% used [0x00000000d5d00000,0x00000000d5d00000,0x00000000d5e80000)
 ParOldGen       total 487424K, used 487016K [0x0000000080000000, 0x000000009dc00000, 0x00000000d5580000)
  object space 487424K, 99% used [0x0000000080000000,0x000000009db9a200,0x000000009dc00000)
 Metaspace       used 85404K, committed 87232K, reserved 1179648K
  class space    used 8792K, committed 9600K, reserved 1048576K
}
Event: 774.526 GC heap after
{Heap after GC invocations=1038 (full 4):
 PSYoungGen      total 5120K, used 912K [0x00000000d5580000, 0x00000000d5e00000, 0x0000000100000000)
  eden space 4096K, 0% used [0x00000000d5580000,0x00000000d5580000,0x00000000d5980000)
  from space 1024K, 89% used [0x00000000d5d00000,0x00000000d5de4030,0x00000000d5e00000)
  to   space 1536K, 0% used [0x00000000d5b00000,0x00000000d5b00000,0x00000000d5c80000)
 ParOldGen       total 488448K, used 488132K [0x0000000080000000, 0x000000009dd00000, 0x00000000d5580000)
  object space 488448K, 99% used [0x0000000080000000,0x000000009dcb1130,0x000000009dd00000)
 Metaspace       used 85404K, committed 87232K, reserved 1179648K
  class space    used 8792K, committed 9600K, reserved 1048576K
}
Event: 774.809 GC heap before
{Heap before GC invocations=1039 (full 4):
 PSYoungGen      total 5120K, used 5008K [0x00000000d5580000, 0x00000000d5e00000, 0x0000000100000000)
  eden space 4096K, 100% used [0x00000000d5580000,0x00000000d5980000,0x00000000d5980000)
  from space 1024K, 89% used [0x00000000d5d00000,0x00000000d5de4030,0x00000000d5e00000)
  to   space 1536K, 0% used [0x00000000d5b00000,0x00000000d5b00000,0x00000000d5c80000)
 ParOldGen       total 488448K, used 488132K [0x0000000080000000, 0x000000009dd00000, 0x00000000d5580000)
  object space 488448K, 99% used [0x0000000080000000,0x000000009dcb1130,0x000000009dd00000)
 Metaspace       used 85406K, committed 87232K, reserved 1179648K
  class space    used 8792K, committed 9600K, reserved 1048576K
}
Event: 774.813 GC heap after
{Heap after GC invocations=1039 (full 4):
 PSYoungGen      total 5632K, used 592K [0x00000000d5580000, 0x00000000d5d80000, 0x0000000100000000)
  eden space 4096K, 0% used [0x00000000d5580000,0x00000000d5580000,0x00000000d5980000)
  from space 1536K, 38% used [0x00000000d5b00000,0x00000000d5b94010,0x00000000d5c80000)
  to   space 1024K, 0% used [0x00000000d5c80000,0x00000000d5c80000,0x00000000d5d80000)
 ParOldGen       total 488960K, used 488476K [0x0000000080000000, 0x000000009dd80000, 0x00000000d5580000)
  object space 488960K, 99% used [0x0000000080000000,0x000000009dd07150,0x000000009dd80000)
 Metaspace       used 85406K, committed 87232K, reserved 1179648K
  class space    used 8792K, committed 9600K, reserved 1048576K
}
Event: 774.979 GC heap before
{Heap before GC invocations=1040 (full 4):
 PSYoungGen      total 5632K, used 4688K [0x00000000d5580000, 0x00000000d5d80000, 0x0000000100000000)
  eden space 4096K, 99% used [0x00000000d5580000,0x00000000d597fff0,0x00000000d5980000)
  from space 1536K, 38% used [0x00000000d5b00000,0x00000000d5b94010,0x00000000d5c80000)
  to   space 1024K, 0% used [0x00000000d5c80000,0x00000000d5c80000,0x00000000d5d80000)
 ParOldGen       total 488960K, used 488476K [0x0000000080000000, 0x000000009dd80000, 0x00000000d5580000)
  object space 488960K, 99% used [0x0000000080000000,0x000000009dd07150,0x000000009dd80000)
 Metaspace       used 85406K, committed 87232K, reserved 1179648K
  class space    used 8792K, committed 9600K, reserved 1048576K
}
Event: 774.982 GC heap after
{Heap after GC invocations=1040 (full 4):
 PSYoungGen      total 4608K, used 480K [0x00000000d5580000, 0x00000000d5d00000, 0x0000000100000000)
  eden space 4096K, 0% used [0x00000000d5580000,0x00000000d5580000,0x00000000d5980000)
  from space 512K, 93% used [0x00000000d5c80000,0x00000000d5cf8000,0x00000000d5d00000)
  to   space 1024K, 0% used [0x00000000d5b00000,0x00000000d5b00000,0x00000000d5c00000)
 ParOldGen       total 488960K, used 488484K [0x0000000080000000, 0x000000009dd80000, 0x00000000d5580000)
  object space 488960K, 99% used [0x0000000080000000,0x000000009dd09150,0x000000009dd80000)
 Metaspace       used 85406K, committed 87232K, reserved 1179648K
  class space    used 8792K, committed 9600K, reserved 1048576K
}
Event: 775.278 GC heap before
{Heap before GC invocations=1041 (full 4):
 PSYoungGen      total 4608K, used 4576K [0x00000000d5580000, 0x00000000d5d00000, 0x0000000100000000)
  eden space 4096K, 100% used [0x00000000d5580000,0x00000000d5980000,0x00000000d5980000)
  from space 512K, 93% used [0x00000000d5c80000,0x00000000d5cf8000,0x00000000d5d00000)
  to   space 1024K, 0% used [0x00000000d5b00000,0x00000000d5b00000,0x00000000d5c00000)
 ParOldGen       total 488960K, used 488484K [0x0000000080000000, 0x000000009dd80000, 0x00000000d5580000)
  object space 488960K, 99% used [0x0000000080000000,0x000000009dd09150,0x000000009dd80000)
 Metaspace       used 85406K, committed 87232K, reserved 1179648K
  class space    used 8792K, committed 9600K, reserved 1048576K
}
Event: 775.288 GC heap after
{Heap after GC invocations=1041 (full 4):
 PSYoungGen      total 5120K, used 704K [0x00000000d5580000, 0x00000000d5d00000, 0x0000000100000000)
  eden space 4096K, 0% used [0x00000000d5580000,0x00000000d5580000,0x00000000d5980000)
  from space 1024K, 68% used [0x00000000d5b00000,0x00000000d5bb0000,0x00000000d5c00000)
  to   space 1024K, 0% used [0x00000000d5c00000,0x00000000d5c00000,0x00000000d5d00000)
 ParOldGen       total 488960K, used 488500K [0x0000000080000000, 0x000000009dd80000, 0x00000000d5580000)
  object space 488960K, 99% used [0x0000000080000000,0x000000009dd0d150,0x000000009dd80000)
 Metaspace       used 85406K, committed 87232K, reserved 1179648K
  class space    used 8792K, committed 9600K, reserved 1048576K
}

