# JRE version: OpenJDK Runtime Environment Temurin-21.0.10+7 (21.0.10+7) (build 21.0.10+7-LTS)
# Java VM: OpenJDK 64-Bit Server VM Temurin-21.0.10+7 (21.0.10+7-LTS, mixed mode, sharing, tiered, compressed oops, compressed class ptrs, parallel gc, windows-amd64)
GC Precious Log:
 CardTable entry size: 512
 CPUs: 2 total, 2 available
 Memory: 3459M
 Large Page Support: Disabled
 NUMA Support: Disabled
 Compressed Oops: Enabled (32-bit)
 Alignments: Space 512K, Generation 512K, Heap 2M
 Heap Min Capacity: 100M
 Heap Initial Capacity: 100M
 Heap Max Capacity: 2G
 Pre-touch: Disabled
 Parallel Workers: 2
Heap:
 PSYoungGen      total 12288K, used 4263K [0x00000000d5580000, 0x00000000d6380000, 0x0000000100000000)
  eden space 11776K, 35% used [0x00000000d5580000,0x00000000d5989ce0,0x00000000d6100000)
  from space 512K, 25% used [0x00000000d6300000,0x00000000d6320020,0x00000000d6380000)
  to   space 512K, 0% used [0x00000000d6280000,0x00000000d6280000,0x00000000d6300000)
 ParOldGen       total 759808K, used 517082K [0x0000000080000000, 0x00000000ae600000, 0x00000000d5580000)
  object space 759808K, 68% used [0x0000000080000000,0x000000009f8f6878,0x00000000ae600000)
 Metaspace       used 93778K, committed 95424K, reserved 1179648K
  class space    used 9546K, committed 10304K, reserved 1048576K
GC Heap History (20 events):
Event: 4141.075 GC heap before
{Heap before GC invocations=1838 (full 5):
 PSYoungGen      total 13312K, used 12967K [0x00000000d5580000, 0x00000000d6400000, 0x0000000100000000)
  eden space 12288K, 100% used [0x00000000d5580000,0x00000000d6180000,0x00000000d6180000)
  from space 1024K, 66% used [0x00000000d6300000,0x00000000d63a9f40,0x00000000d6400000)
  to   space 1024K, 0% used [0x00000000d6200000,0x00000000d6200000,0x00000000d6300000)
 ParOldGen       total 759808K, used 510504K [0x0000000080000000, 0x00000000ae600000, 0x00000000d5580000)
  object space 759808K, 67% used [0x0000000080000000,0x000000009f28a2c8,0x00000000ae600000)
 Metaspace       used 93676K, committed 95296K, reserved 1179648K
  class space    used 9540K, committed 10304K, reserved 1048576K
}
Event: 4141.079 GC heap after
{Heap after GC invocations=1838 (full 5):
 PSYoungGen      total 13312K, used 64K [0x00000000d5580000, 0x00000000d6380000, 0x0000000100000000)
  eden space 12288K, 0% used [0x00000000d5580000,0x00000000d5580000,0x00000000d6180000)
  from space 1024K, 6% used [0x00000000d6200000,0x00000000d6210000,0x00000000d6300000)
  to   space 512K, 0% used [0x00000000d6300000,0x00000000d6300000,0x00000000d6380000)
 ParOldGen       total 759808K, used 510528K [0x0000000080000000, 0x00000000ae600000, 0x00000000d5580000)
  object space 759808K, 67% used [0x0000000080000000,0x000000009f2902c8,0x00000000ae600000)
 Metaspace       used 93676K, committed 95296K, reserved 1179648K
  class space    used 9540K, committed 10304K, reserved 1048576K
}
Event: 4204.556 GC heap before
{Heap before GC invocations=1839 (full 5):
 PSYoungGen      total 13312K, used 12352K [0x00000000d5580000, 0x00000000d6380000, 0x0000000100000000)
  eden space 12288K, 100% used [0x00000000d5580000,0x00000000d6180000,0x00000000d6180000)
  from space 1024K, 6% used [0x00000000d6200000,0x00000000d6210000,0x00000000d6300000)
  to   space 512K, 0% used [0x00000000d6300000,0x00000000d6300000,0x00000000d6380000)
 ParOldGen       total 759808K, used 510528K [0x0000000080000000, 0x00000000ae600000, 0x00000000d5580000)
  object space 759808K, 67% used [0x0000000080000000,0x000000009f2902c8,0x00000000ae600000)
 Metaspace       used 93693K, committed 95360K, reserved 1179648K
  class space    used 9541K, committed 10304K, reserved 1048576K
}
Event: 4204.570 GC heap after
{Heap after GC invocations=1839 (full 5):
 PSYoungGen      total 12288K, used 496K [0x00000000d5580000, 0x00000000d6580000, 0x0000000100000000)
  eden space 11776K, 0% used [0x00000000d5580000,0x00000000d5580000,0x00000000d6100000)
  from space 512K, 96% used [0x00000000d6300000,0x00000000d637c030,0x00000000d6380000)
  to   space 2048K, 0% used [0x00000000d6100000,0x00000000d6100000,0x00000000d6300000)
 ParOldGen       total 759808K, used 511545K [0x0000000080000000, 0x00000000ae600000, 0x00000000d5580000)
  object space 759808K, 67% used [0x0000000080000000,0x000000009f38e6a0,0x00000000ae600000)
 Metaspace       used 93693K, committed 95360K, reserved 1179648K
  class space    used 9541K, committed 10304K, reserved 1048576K
}
Event: 4204.943 GC heap before
{Heap before GC invocations=1840 (full 5):
 PSYoungGen      total 12288K, used 12272K [0x00000000d5580000, 0x00000000d6580000, 0x0000000100000000)
  eden space 11776K, 100% used [0x00000000d5580000,0x00000000d6100000,0x00000000d6100000)
  from space 512K, 96% used [0x00000000d6300000,0x00000000d637c030,0x00000000d6380000)
  to   space 2048K, 0% used [0x00000000d6100000,0x00000000d6100000,0x00000000d6300000)
 ParOldGen       total 759808K, used 511545K [0x0000000080000000, 0x00000000ae600000, 0x00000000d5580000)
  object space 759808K, 67% used [0x0000000080000000,0x000000009f38e6a0,0x00000000ae600000)
 Metaspace       used 93695K, committed 95360K, reserved 1179648K
  class space    used 9541K, committed 10304K, reserved 1048576K
}
Event: 4204.960 GC heap after
{Heap after GC invocations=1840 (full 5):
 PSYoungGen      total 13824K, used 2032K [0x00000000d5580000, 0x00000000d6800000, 0x0000000100000000)
  eden space 11776K, 0% used [0x00000000d5580000,0x00000000d5580000,0x00000000d6100000)
  from space 2048K, 99% used [0x00000000d6100000,0x00000000d62fc030,0x00000000d6300000)
  to   space 3584K, 0% used [0x00000000d6480000,0x00000000d6480000,0x00000000d6800000)
 ParOldGen       total 759808K, used 512682K [0x0000000080000000, 0x00000000ae600000, 0x00000000d5580000)
  object space 759808K, 67% used [0x0000000080000000,0x000000009f4aaab0,0x00000000ae600000)
 Metaspace       used 93695K, committed 95360K, reserved 1179648K
  class space    used 9541K, committed 10304K, reserved 1048576K
}
Event: 4206.854 GC heap before
{Heap before GC invocations=1841 (full 5):
 PSYoungGen      total 13824K, used 13808K [0x00000000d5580000, 0x00000000d6800000, 0x0000000100000000)
  eden space 11776K, 100% used [0x00000000d5580000,0x00000000d6100000,0x00000000d6100000)
  from space 2048K, 99% used [0x00000000d6100000,0x00000000d62fc030,0x00000000d6300000)
  to   space 3584K, 0% used [0x00000000d6480000,0x00000000d6480000,0x00000000d6800000)
 ParOldGen       total 759808K, used 512682K [0x0000000080000000, 0x00000000ae600000, 0x00000000d5580000)
  object space 759808K, 67% used [0x0000000080000000,0x000000009f4aaab0,0x00000000ae600000)
 Metaspace       used 93695K, committed 95360K, reserved 1179648K
  class space    used 9541K, committed 10304K, reserved 1048576K
}
Event: 4206.907 GC heap after
{Heap after GC invocations=1841 (full 5):
 PSYoungGen      total 13312K, used 1152K [0x00000000d5580000, 0x00000000d6600000, 0x0000000100000000)
  eden space 11776K, 0% used [0x00000000d5580000,0x00000000d5580000,0x00000000d6100000)
  from space 1536K, 75% used [0x00000000d6480000,0x00000000d65a0020,0x00000000d6600000)
  to   space 2048K, 0% used [0x00000000d6200000,0x00000000d6200000,0x00000000d6400000)
 ParOldGen       total 759808K, used 514699K [0x0000000080000000, 0x00000000ae600000, 0x00000000d5580000)
  object space 759808K, 67% used [0x0000000080000000,0x000000009f6a2e40,0x00000000ae600000)
 Metaspace       used 93695K, committed 95360K, reserved 1179648K
  class space    used 9541K, committed 10304K, reserved 1048576K
}
Event: 4209.368 GC heap before
{Heap before GC invocations=1842 (full 5):
 PSYoungGen      total 13312K, used 12928K [0x00000000d5580000, 0x00000000d6600000, 0x0000000100000000)
  eden space 11776K, 100% used [0x00000000d5580000,0x00000000d6100000,0x00000000d6100000)
  from space 1536K, 75% used [0x00000000d6480000,0x00000000d65a0020,0x00000000d6600000)
  to   space 2048K, 0% used [0x00000000d6200000,0x00000000d6200000,0x00000000d6400000)
 ParOldGen       total 759808K, used 514699K [0x0000000080000000, 0x00000000ae600000, 0x00000000d5580000)
  object space 759808K, 67% used [0x0000000080000000,0x000000009f6a2e40,0x00000000ae600000)
 Metaspace       used 93695K, committed 95360K, reserved 1179648K
  class space    used 9541K, committed 10304K, reserved 1048576K
}
Event: 4209.375 GC heap after
{Heap after GC invocations=1842 (full 5):
 PSYoungGen      total 13824K, used 1840K [0x00000000d5580000, 0x00000000d6500000, 0x0000000100000000)
  eden space 11776K, 0% used [0x00000000d5580000,0x00000000d5580000,0x00000000d6100000)
  from space 2048K, 89% used [0x00000000d6200000,0x00000000d63cc050,0x00000000d6400000)
  to   space 1024K, 0% used [0x00000000d6400000,0x00000000d6400000,0x00000000d6500000)
 ParOldGen       total 759808K, used 514720K [0x0000000080000000, 0x00000000ae600000, 0x00000000d5580000)
  object space 759808K, 67% used [0x0000000080000000,0x000000009f6a81d8,0x00000000ae600000)
 Metaspace       used 93695K, committed 95360K, reserved 1179648K
  class space    used 9541K, committed 10304K, reserved 1048576K
}
Event: 4209.952 GC heap before
{Heap before GC invocations=1843 (full 5):
 PSYoungGen      total 13824K, used 13616K [0x00000000d5580000, 0x00000000d6500000, 0x0000000100000000)
  eden space 11776K, 99% used [0x00000000d5580000,0x00000000d60fffe8,0x00000000d6100000)
  from space 2048K, 89% used [0x00000000d6200000,0x00000000d63cc050,0x00000000d6400000)
  to   space 1024K, 0% used [0x00000000d6400000,0x00000000d6400000,0x00000000d6500000)
 ParOldGen       total 759808K, used 514720K [0x0000000080000000, 0x00000000ae600000, 0x00000000d5580000)
  object space 759808K, 67% used [0x0000000080000000,0x000000009f6a81d8,0x00000000ae600000)
 Metaspace       used 93703K, committed 95360K, reserved 1179648K
  class space    used 9541K, committed 10304K, reserved 1048576K
}
Event: 4209.965 GC heap after
{Heap after GC invocations=1843 (full 5):
 PSYoungGen      total 12800K, used 1023K [0x00000000d5580000, 0x00000000d6600000, 0x0000000100000000)
  eden space 11776K, 0% used [0x00000000d5580000,0x00000000d5580000,0x00000000d6100000)
  from space 1024K, 99% used [0x00000000d6400000,0x00000000d64ffe50,0x00000000d6500000)
  to   space 2560K, 0% used [0x00000000d6100000,0x00000000d6100000,0x00000000d6380000)
 ParOldGen       total 759808K, used 515977K [0x0000000080000000, 0x00000000ae600000, 0x00000000d5580000)
  object space 759808K, 67% used [0x0000000080000000,0x000000009f7e2598,0x00000000ae600000)
 Metaspace       used 93703K, committed 95360K, reserved 1179648K
  class space    used 9541K, committed 10304K, reserved 1048576K
}
Event: 4213.702 GC heap before
{Heap before GC invocations=1844 (full 5):
 PSYoungGen      total 12800K, used 12799K [0x00000000d5580000, 0x00000000d6600000, 0x0000000100000000)
  eden space 11776K, 100% used [0x00000000d5580000,0x00000000d6100000,0x00000000d6100000)
  from space 1024K, 99% used [0x00000000d6400000,0x00000000d64ffe50,0x00000000d6500000)
  to   space 2560K, 0% used [0x00000000d6100000,0x00000000d6100000,0x00000000d6380000)
 ParOldGen       total 759808K, used 515977K [0x0000000080000000, 0x00000000ae600000, 0x00000000d5580000)
  object space 759808K, 67% used [0x0000000080000000,0x000000009f7e2598,0x00000000ae600000)
 Metaspace       used 93750K, committed 95360K, reserved 1179648K
  class space    used 9546K, committed 10304K, reserved 1048576K
}
Event: 4213.711 GC heap after
{Heap after GC invocations=1844 (full 5):
 PSYoungGen      total 12800K, used 544K [0x00000000d5580000, 0x00000000d6480000, 0x0000000100000000)
  eden space 11776K, 0% used [0x00000000d5580000,0x00000000d5580000,0x00000000d6100000)
  from space 1024K, 53% used [0x00000000d6100000,0x00000000d6188020,0x00000000d6200000)
  to   space 1536K, 0% used [0x00000000d6300000,0x00000000d6300000,0x00000000d6480000)
 ParOldGen       total 759808K, used 516574K [0x0000000080000000, 0x00000000ae600000, 0x00000000d5580000)
  object space 759808K, 67% used [0x0000000080000000,0x000000009f877858,0x00000000ae600000)
 Metaspace       used 93750K, committed 95360K, reserved 1179648K
  class space    used 9546K, committed 10304K, reserved 1048576K
}
Event: 4214.199 GC heap before
{Heap before GC invocations=1845 (full 5):
 PSYoungGen      total 12800K, used 12320K [0x00000000d5580000, 0x00000000d6480000, 0x0000000100000000)
  eden space 11776K, 100% used [0x00000000d5580000,0x00000000d6100000,0x00000000d6100000)
  from space 1024K, 53% used [0x00000000d6100000,0x00000000d6188020,0x00000000d6200000)
  to   space 1536K, 0% used [0x00000000d6300000,0x00000000d6300000,0x00000000d6480000)
 ParOldGen       total 759808K, used 516574K [0x0000000080000000, 0x00000000ae600000, 0x00000000d5580000)
  object space 759808K, 67% used [0x0000000080000000,0x000000009f877858,0x00000000ae600000)
 Metaspace       used 93755K, committed 95360K, reserved 1179648K
  class space    used 9546K, committed 10304K, reserved 1048576K
}
Event: 4214.205 GC heap after
{Heap after GC invocations=1845 (full 5):
 PSYoungGen      total 12288K, used 160K [0x00000000d5580000, 0x00000000d6380000, 0x0000000100000000)
  eden space 11776K, 0% used [0x00000000d5580000,0x00000000d5580000,0x00000000d6100000)
  from space 512K, 31% used [0x00000000d6300000,0x00000000d6328020,0x00000000d6380000)
  to   space 512K, 0% used [0x00000000d6280000,0x00000000d6280000,0x00000000d6300000)
 ParOldGen       total 759808K, used 517042K [0x0000000080000000, 0x00000000ae600000, 0x00000000d5580000)
  object space 759808K, 68% used [0x0000000080000000,0x000000009f8ec878,0x00000000ae600000)
 Metaspace       used 93755K, committed 95360K, reserved 1179648K
  class space    used 9546K, committed 10304K, reserved 1048576K
}
Event: 4214.600 GC heap before
{Heap before GC invocations=1846 (full 5):
 PSYoungGen      total 12288K, used 11936K [0x00000000d5580000, 0x00000000d6380000, 0x0000000100000000)
  eden space 11776K, 100% used [0x00000000d5580000,0x00000000d6100000,0x00000000d6100000)
  from space 512K, 31% used [0x00000000d6300000,0x00000000d6328020,0x00000000d6380000)
  to   space 512K, 0% used [0x00000000d6280000,0x00000000d6280000,0x00000000d6300000)
 ParOldGen       total 759808K, used 517042K [0x0000000080000000, 0x00000000ae600000, 0x00000000d5580000)
  object space 759808K, 68% used [0x0000000080000000,0x000000009f8ec878,0x00000000ae600000)
 Metaspace       used 93764K, committed 95424K, reserved 1179648K
  class space    used 9546K, committed 10304K, reserved 1048576K
}
Event: 4214.604 GC heap after
{Heap after GC invocations=1846 (full 5):
 PSYoungGen      total 12288K, used 288K [0x00000000d5580000, 0x00000000d6380000, 0x0000000100000000)
  eden space 11776K, 0% used [0x00000000d5580000,0x00000000d5580000,0x00000000d6100000)
  from space 512K, 56% used [0x00000000d6280000,0x00000000d62c8040,0x00000000d6300000)
  to   space 512K, 0% used [0x00000000d6300000,0x00000000d6300000,0x00000000d6380000)
 ParOldGen       total 759808K, used 517066K [0x0000000080000000, 0x00000000ae600000, 0x00000000d5580000)
  object space 759808K, 68% used [0x0000000080000000,0x000000009f8f2878,0x00000000ae600000)
 Metaspace       used 93764K, committed 95424K, reserved 1179648K
  class space    used 9546K, committed 10304K, reserved 1048576K
}
Event: 4215.448 GC heap before
{Heap before GC invocations=1847 (full 5):
 PSYoungGen      total 12288K, used 12064K [0x00000000d5580000, 0x00000000d6380000, 0x0000000100000000)
  eden space 11776K, 100% used [0x00000000d5580000,0x00000000d6100000,0x00000000d6100000)
  from space 512K, 56% used [0x00000000d6280000,0x00000000d62c8040,0x00000000d6300000)
  to   space 512K, 0% used [0x00000000d6300000,0x00000000d6300000,0x00000000d6380000)
 ParOldGen       total 759808K, used 517066K [0x0000000080000000, 0x00000000ae600000, 0x00000000d5580000)
  object space 759808K, 68% used [0x0000000080000000,0x000000009f8f2878,0x00000000ae600000)
 Metaspace       used 93765K, committed 95424K, reserved 1179648K
  class space    used 9546K, committed 10304K, reserved 1048576K
}
Event: 4215.458 GC heap after
{Heap after GC invocations=1847 (full 5):
 PSYoungGen      total 12288K, used 128K [0x00000000d5580000, 0x00000000d6380000, 0x0000000100000000)
  eden space 11776K, 0% used [0x00000000d5580000,0x00000000d5580000,0x00000000d6100000)
  from space 512K, 25% used [0x00000000d6300000,0x00000000d6320020,0x00000000d6380000)
  to   space 512K, 0% used [0x00000000d6280000,0x00000000d6280000,0x00000000d6300000)
 ParOldGen       total 759808K, used 517082K [0x0000000080000000, 0x00000000ae600000, 0x00000000d5580000)
  object space 759808K, 68% used [0x0000000080000000,0x000000009f8f6878,0x00000000ae600000)
 Metaspace       used 93765K, committed 95424K, reserved 1179648K
  class space    used 9546K, committed 10304K, reserved 1048576K
}

