# JRE version: OpenJDK Runtime Environment Temurin-21.0.11+10 (21.0.11+10) (build 21.0.11+10-LTS)
# Java VM: OpenJDK 64-Bit Server VM Temurin-21.0.11+10 (21.0.11+10-LTS, mixed mode, sharing, tiered, compressed oops, compressed class ptrs, parallel gc, windows-amd64)
GC Precious Log:
 CardTable entry size: 512
 CPUs: 2 total, 2 available
 Memory: 3459M
 Large Page Support: Disabled
 NUMA Support: Disabled
 Compressed Oops: Enabled (32-bit)
 Alignments: Space 512K, Generation 512K, Heap 2M
 Heap Min Capacity: 100M
 Heap Initial Capacity: 100M
 Heap Max Capacity: 2G
 Pre-touch: Disabled
 Parallel Workers: 2
Heap:
 PSYoungGen      total 4608K, used 3038K [0x00000000d5580000, 0x00000000d5e00000, 0x0000000100000000)
  eden space 4096K, 71% used [0x00000000d5580000,0x00000000d5857888,0x00000000d5980000)
  from space 512K, 25% used [0x00000000d5d80000,0x00000000d5da0000,0x00000000d5e00000)
  to   space 512K, 0% used [0x00000000d5d00000,0x00000000d5d00000,0x00000000d5d80000)
 ParOldGen       total 578560K, used 578204K [0x0000000080000000, 0x00000000a3500000, 0x00000000d5580000)
  object space 578560K, 99% used [0x0000000080000000,0x00000000a34a7390,0x00000000a3500000)
 Metaspace       used 88894K, committed 90432K, reserved 1179648K
  class space    used 9202K, committed 9856K, reserved 1048576K
GC Heap History (20 events):
Event: 3913.169 GC heap before
{Heap before GC invocations=743 (full 4):
 PSYoungGen      total 7168K, used 7140K [0x00000000d5580000, 0x00000000d6780000, 0x0000000100000000)
  eden space 4096K, 100% used [0x00000000d5580000,0x00000000d5980000,0x00000000d5980000)
  from space 3072K, 99% used [0x00000000d5f80000,0x00000000d6279010,0x00000000d6280000)
  to   space 6144K, 0% used [0x00000000d5980000,0x00000000d5980000,0x00000000d5f80000)
 ParOldGen       total 561152K, used 561107K [0x0000000080000000, 0x00000000a2400000, 0x00000000d5580000)
  object space 561152K, 99% used [0x0000000080000000,0x00000000a23f4ce8,0x00000000a2400000)
 Metaspace       used 88844K, committed 90368K, reserved 1179648K
  class space    used 9200K, committed 9856K, reserved 1048576K
}
Event: 3913.175 GC heap after
{Heap after GC invocations=743 (full 4):
 PSYoungGen      total 7680K, used 3105K [0x00000000d5580000, 0x00000000d6180000, 0x0000000100000000)
  eden space 4096K, 0% used [0x00000000d5580000,0x00000000d5580000,0x00000000d5980000)
  from space 3584K, 86% used [0x00000000d5980000,0x00000000d5c88710,0x00000000d5d00000)
  to   space 4096K, 0% used [0x00000000d5d80000,0x00000000d5d80000,0x00000000d6180000)
 ParOldGen       total 561664K, used 561587K [0x0000000080000000, 0x00000000a2480000, 0x00000000d5580000)
  object space 561664K, 99% used [0x0000000080000000,0x00000000a246cce8,0x00000000a2480000)
 Metaspace       used 88844K, committed 90368K, reserved 1179648K
  class space    used 9200K, committed 9856K, reserved 1048576K
}
Event: 3914.290 GC heap before
{Heap before GC invocations=744 (full 4):
 PSYoungGen      total 7680K, used 7201K [0x00000000d5580000, 0x00000000d6180000, 0x0000000100000000)
  eden space 4096K, 100% used [0x00000000d5580000,0x00000000d5980000,0x00000000d5980000)
  from space 3584K, 86% used [0x00000000d5980000,0x00000000d5c88710,0x00000000d5d00000)
  to   space 4096K, 0% used [0x00000000d5d80000,0x00000000d5d80000,0x00000000d6180000)
 ParOldGen       total 561664K, used 561587K [0x0000000080000000, 0x00000000a2480000, 0x00000000d5580000)
  object space 561664K, 99% used [0x0000000080000000,0x00000000a246cce8,0x00000000a2480000)
 Metaspace       used 88850K, committed 90432K, reserved 1179648K
  class space    used 9200K, committed 9856K, reserved 1048576K
}
Event: 3914.302 GC heap after
{Heap after GC invocations=744 (full 4):
 PSYoungGen      total 6144K, used 2016K [0x00000000d5580000, 0x00000000d5f80000, 0x0000000100000000)
  eden space 4096K, 0% used [0x00000000d5580000,0x00000000d5580000,0x00000000d5980000)
  from space 2048K, 98% used [0x00000000d5d80000,0x00000000d5f78020,0x00000000d5f80000)
  to   space 2560K, 0% used [0x00000000d5a80000,0x00000000d5a80000,0x00000000d5d00000)
 ParOldGen       total 564736K, used 564308K [0x0000000080000000, 0x00000000a2780000, 0x00000000d5580000)
  object space 564736K, 99% used [0x0000000080000000,0x00000000a27153e8,0x00000000a2780000)
 Metaspace       used 88850K, committed 90432K, reserved 1179648K
  class space    used 9200K, committed 9856K, reserved 1048576K
}
Event: 3914.885 GC heap before
{Heap before GC invocations=745 (full 4):
 PSYoungGen      total 6144K, used 6112K [0x00000000d5580000, 0x00000000d5f80000, 0x0000000100000000)
  eden space 4096K, 100% used [0x00000000d5580000,0x00000000d5980000,0x00000000d5980000)
  from space 2048K, 98% used [0x00000000d5d80000,0x00000000d5f78020,0x00000000d5f80000)
  to   space 2560K, 0% used [0x00000000d5a80000,0x00000000d5a80000,0x00000000d5d00000)
 ParOldGen       total 564736K, used 564308K [0x0000000080000000, 0x00000000a2780000, 0x00000000d5580000)
  object space 564736K, 99% used [0x0000000080000000,0x00000000a27153e8,0x00000000a2780000)
 Metaspace       used 88851K, committed 90432K, reserved 1179648K
  class space    used 9200K, committed 9856K, reserved 1048576K
}
Event: 3914.891 GC heap after
{Heap after GC invocations=745 (full 4):
 PSYoungGen      total 4608K, used 464K [0x00000000d5580000, 0x00000000d5e00000, 0x0000000100000000)
  eden space 4096K, 0% used [0x00000000d5580000,0x00000000d5580000,0x00000000d5980000)
  from space 512K, 90% used [0x00000000d5a80000,0x00000000d5af4030,0x00000000d5b00000)
  to   space 1536K, 0% used [0x00000000d5c80000,0x00000000d5c80000,0x00000000d5e00000)
 ParOldGen       total 566272K, used 565780K [0x0000000080000000, 0x00000000a2900000, 0x00000000d5580000)
  object space 566272K, 99% used [0x0000000080000000,0x00000000a28853e8,0x00000000a2900000)
 Metaspace       used 88851K, committed 90432K, reserved 1179648K
  class space    used 9200K, committed 9856K, reserved 1048576K
}
Event: 3916.947 GC heap before
{Heap before GC invocations=746 (full 4):
 PSYoungGen      total 4608K, used 4560K [0x00000000d5580000, 0x00000000d5e00000, 0x0000000100000000)
  eden space 4096K, 100% used [0x00000000d5580000,0x00000000d5980000,0x00000000d5980000)
  from space 512K, 90% used [0x00000000d5a80000,0x00000000d5af4030,0x00000000d5b00000)
  to   space 1536K, 0% used [0x00000000d5c80000,0x00000000d5c80000,0x00000000d5e00000)
 ParOldGen       total 566272K, used 565780K [0x0000000080000000, 0x00000000a2900000, 0x00000000d5580000)
  object space 566272K, 99% used [0x0000000080000000,0x00000000a28853e8,0x00000000a2900000)
 Metaspace       used 88858K, committed 90432K, reserved 1179648K
  class space    used 9200K, committed 9856K, reserved 1048576K
}
Event: 3916.956 GC heap after
{Heap after GC invocations=746 (full 4):
 PSYoungGen      total 5632K, used 1523K [0x00000000d5580000, 0x00000000d5e80000, 0x0000000100000000)
  eden space 4096K, 0% used [0x00000000d5580000,0x00000000d5580000,0x00000000d5980000)
  from space 1536K, 99% used [0x00000000d5c80000,0x00000000d5dfcf30,0x00000000d5e00000)
  to   space 2560K, 0% used [0x00000000d5980000,0x00000000d5980000,0x00000000d5c00000)
 ParOldGen       total 566784K, used 566282K [0x0000000080000000, 0x00000000a2980000, 0x00000000d5580000)
  object space 566784K, 99% used [0x0000000080000000,0x00000000a2902898,0x00000000a2980000)
 Metaspace       used 88858K, committed 90432K, reserved 1179648K
  class space    used 9200K, committed 9856K, reserved 1048576K
}
Event: 3916.968 GC heap before
{Heap before GC invocations=747 (full 4):
 PSYoungGen      total 5632K, used 5616K [0x00000000d5580000, 0x00000000d5e80000, 0x0000000100000000)
  eden space 4096K, 99% used [0x00000000d5580000,0x00000000d597f1f8,0x00000000d5980000)
  from space 1536K, 99% used [0x00000000d5c80000,0x00000000d5dfcf30,0x00000000d5e00000)
  to   space 2560K, 0% used [0x00000000d5980000,0x00000000d5980000,0x00000000d5c00000)
 ParOldGen       total 566784K, used 566282K [0x0000000080000000, 0x00000000a2980000, 0x00000000d5580000)
  object space 566784K, 99% used [0x0000000080000000,0x00000000a2902898,0x00000000a2980000)
 Metaspace       used 88858K, committed 90432K, reserved 1179648K
  class space    used 9200K, committed 9856K, reserved 1048576K
}
Event: 3916.979 GC heap after
{Heap after GC invocations=747 (full 4):
 PSYoungGen      total 6656K, used 2560K [0x00000000d5580000, 0x00000000d6680000, 0x0000000100000000)
  eden space 4096K, 0% used [0x00000000d5580000,0x00000000d5580000,0x00000000d5980000)
  from space 2560K, 100% used [0x00000000d5980000,0x00000000d5c00000,0x00000000d5c00000)
  to   space 6656K, 0% used [0x00000000d6000000,0x00000000d6000000,0x00000000d6680000)
 ParOldGen       total 569856K, used 569471K [0x0000000080000000, 0x00000000a2c80000, 0x00000000d5580000)
  object space 569856K, 99% used [0x0000000080000000,0x00000000a2c1fc80,0x00000000a2c80000)
 Metaspace       used 88858K, committed 90432K, reserved 1179648K
  class space    used 9200K, committed 9856K, reserved 1048576K
}
Event: 3917.397 GC heap before
{Heap before GC invocations=748 (full 4):
 PSYoungGen      total 6656K, used 6656K [0x00000000d5580000, 0x00000000d6680000, 0x0000000100000000)
  eden space 4096K, 100% used [0x00000000d5580000,0x00000000d5980000,0x00000000d5980000)
  from space 2560K, 100% used [0x00000000d5980000,0x00000000d5c00000,0x00000000d5c00000)
  to   space 6656K, 0% used [0x00000000d6000000,0x00000000d6000000,0x00000000d6680000)
 ParOldGen       total 569856K, used 569471K [0x0000000080000000, 0x00000000a2c80000, 0x00000000d5580000)
  object space 569856K, 99% used [0x0000000080000000,0x00000000a2c1fc80,0x00000000a2c80000)
 Metaspace       used 88858K, committed 90432K, reserved 1179648K
  class space    used 9200K, committed 9856K, reserved 1048576K
}
Event: 3917.407 GC heap after
{Heap after GC invocations=748 (full 4):
 PSYoungGen      total 7680K, used 3269K [0x00000000d5580000, 0x00000000d6380000, 0x0000000100000000)
  eden space 4096K, 0% used [0x00000000d5580000,0x00000000d5580000,0x00000000d5980000)
  from space 3584K, 91% used [0x00000000d6000000,0x00000000d6331700,0x00000000d6380000)
  to   space 4608K, 0% used [0x00000000d5a80000,0x00000000d5a80000,0x00000000d5f00000)
 ParOldGen       total 572416K, used 572047K [0x0000000080000000, 0x00000000a2f00000, 0x00000000d5580000)
  object space 572416K, 99% used [0x0000000080000000,0x00000000a2ea3c80,0x00000000a2f00000)
 Metaspace       used 88858K, committed 90432K, reserved 1179648K
  class space    used 9200K, committed 9856K, reserved 1048576K
}
Event: 3917.694 GC heap before
{Heap before GC invocations=749 (full 4):
 PSYoungGen      total 7680K, used 7365K [0x00000000d5580000, 0x00000000d6380000, 0x0000000100000000)
  eden space 4096K, 100% used [0x00000000d5580000,0x00000000d5980000,0x00000000d5980000)
  from space 3584K, 91% used [0x00000000d6000000,0x00000000d6331700,0x00000000d6380000)
  to   space 4608K, 0% used [0x00000000d5a80000,0x00000000d5a80000,0x00000000d5f00000)
 ParOldGen       total 572416K, used 572047K [0x0000000080000000, 0x00000000a2f00000, 0x00000000d5580000)
  object space 572416K, 99% used [0x0000000080000000,0x00000000a2ea3c80,0x00000000a2f00000)
 Metaspace       used 88858K, committed 90432K, reserved 1179648K
  class space    used 9200K, committed 9856K, reserved 1048576K
}
Event: 3917.706 GC heap after
{Heap after GC invocations=749 (full 4):
 PSYoungGen      total 7168K, used 3045K [0x00000000d5580000, 0x00000000d6080000, 0x0000000100000000)
  eden space 4096K, 0% used [0x00000000d5580000,0x00000000d5580000,0x00000000d5980000)
  from space 3072K, 99% used [0x00000000d5a80000,0x00000000d5d79658,0x00000000d5d80000)
  to   space 3072K, 0% used [0x00000000d5d80000,0x00000000d5d80000,0x00000000d6080000)
 ParOldGen       total 575488K, used 575308K [0x0000000080000000, 0x00000000a3200000, 0x00000000d5580000)
  object space 575488K, 99% used [0x0000000080000000,0x00000000a31d3390,0x00000000a3200000)
 Metaspace       used 88858K, committed 90432K, reserved 1179648K
  class space    used 9200K, committed 9856K, reserved 1048576K
}
Event: 3918.545 GC heap before
{Heap before GC invocations=750 (full 4):
 PSYoungGen      total 7168K, used 7141K [0x00000000d5580000, 0x00000000d6080000, 0x0000000100000000)
  eden space 4096K, 100% used [0x00000000d5580000,0x00000000d5980000,0x00000000d5980000)
  from space 3072K, 99% used [0x00000000d5a80000,0x00000000d5d79658,0x00000000d5d80000)
  to   space 3072K, 0% used [0x00000000d5d80000,0x00000000d5d80000,0x00000000d6080000)
 ParOldGen       total 575488K, used 575308K [0x0000000080000000, 0x00000000a3200000, 0x00000000d5580000)
  object space 575488K, 99% used [0x0000000080000000,0x00000000a31d3390,0x00000000a3200000)
 Metaspace       used 88870K, committed 90432K, reserved 1179648K
  class space    used 9200K, committed 9856K, reserved 1048576K
}
Event: 3918.551 GC heap after
{Heap after GC invocations=750 (full 4):
 PSYoungGen      total 4608K, used 448K [0x00000000d5580000, 0x00000000d5e00000, 0x0000000100000000)
  eden space 4096K, 0% used [0x00000000d5580000,0x00000000d5580000,0x00000000d5980000)
  from space 512K, 87% used [0x00000000d5d80000,0x00000000d5df0020,0x00000000d5e00000)
  to   space 1536K, 0% used [0x00000000d5b00000,0x00000000d5b00000,0x00000000d5c80000)
 ParOldGen       total 578560K, used 578076K [0x0000000080000000, 0x00000000a3500000, 0x00000000d5580000)
  object space 578560K, 99% used [0x0000000080000000,0x00000000a3487390,0x00000000a3500000)
 Metaspace       used 88870K, committed 90432K, reserved 1179648K
  class space    used 9200K, committed 9856K, reserved 1048576K
}
Event: 3920.728 GC heap before
{Heap before GC invocations=751 (full 4):
 PSYoungGen      total 4608K, used 4544K [0x00000000d5580000, 0x00000000d5e00000, 0x0000000100000000)
  eden space 4096K, 100% used [0x00000000d5580000,0x00000000d5980000,0x00000000d5980000)
  from space 512K, 87% used [0x00000000d5d80000,0x00000000d5df0020,0x00000000d5e00000)
  to   space 1536K, 0% used [0x00000000d5b00000,0x00000000d5b00000,0x00000000d5c80000)
 ParOldGen       total 578560K, used 578076K [0x0000000080000000, 0x00000000a3500000, 0x00000000d5580000)
  object space 578560K, 99% used [0x0000000080000000,0x00000000a3487390,0x00000000a3500000)
 Metaspace       used 88880K, committed 90432K, reserved 1179648K
  class space    used 9201K, committed 9856K, reserved 1048576K
}
Event: 3920.731 GC heap after
{Heap after GC invocations=751 (full 4):
 PSYoungGen      total 5632K, used 64K [0x00000000d5580000, 0x00000000d5e00000, 0x0000000100000000)
  eden space 4096K, 0% used [0x00000000d5580000,0x00000000d5580000,0x00000000d5980000)
  from space 1536K, 4% used [0x00000000d5b00000,0x00000000d5b10000,0x00000000d5c80000)
  to   space 512K, 0% used [0x00000000d5d80000,0x00000000d5d80000,0x00000000d5e00000)
 ParOldGen       total 578560K, used 578188K [0x0000000080000000, 0x00000000a3500000, 0x00000000d5580000)
  object space 578560K, 99% used [0x0000000080000000,0x00000000a34a3390,0x00000000a3500000)
 Metaspace       used 88880K, committed 90432K, reserved 1179648K
  class space    used 9201K, committed 9856K, reserved 1048576K
}
Event: 3921.129 GC heap before
{Heap before GC invocations=752 (full 4):
 PSYoungGen      total 5632K, used 4160K [0x00000000d5580000, 0x00000000d5e00000, 0x0000000100000000)
  eden space 4096K, 100% used [0x00000000d5580000,0x00000000d5980000,0x00000000d5980000)
  from space 1536K, 4% used [0x00000000d5b00000,0x00000000d5b10000,0x00000000d5c80000)
  to   space 512K, 0% used [0x00000000d5d80000,0x00000000d5d80000,0x00000000d5e00000)
 ParOldGen       total 578560K, used 578188K [0x0000000080000000, 0x00000000a3500000, 0x00000000d5580000)
  object space 578560K, 99% used [0x0000000080000000,0x00000000a34a3390,0x00000000a3500000)
 Metaspace       used 88884K, committed 90432K, reserved 1179648K
  class space    used 9201K, committed 9856K, reserved 1048576K
}
Event: 3921.139 GC heap after
{Heap after GC invocations=752 (full 4):
 PSYoungGen      total 4608K, used 128K [0x00000000d5580000, 0x00000000d5e00000, 0x0000000100000000)
  eden space 4096K, 0% used [0x00000000d5580000,0x00000000d5580000,0x00000000d5980000)
  from space 512K, 25% used [0x00000000d5d80000,0x00000000d5da0000,0x00000000d5e00000)
  to   space 512K, 0% used [0x00000000d5d00000,0x00000000d5d00000,0x00000000d5d80000)
 ParOldGen       total 578560K, used 578204K [0x0000000080000000, 0x00000000a3500000, 0x00000000d5580000)
  object space 578560K, 99% used [0x0000000080000000,0x00000000a34a7390,0x00000000a3500000)
 Metaspace       used 88884K, committed 90432K, reserved 1179648K
  class space    used 9201K, committed 9856K, reserved 1048576K
}

