# JRE version: OpenJDK Runtime Environment Temurin-21.0.11+10 (21.0.11+10) (build 21.0.11+10-LTS)
# Java VM: OpenJDK 64-Bit Server VM Temurin-21.0.11+10 (21.0.11+10-LTS, mixed mode, sharing, tiered, compressed oops, compressed class ptrs, parallel gc, windows-amd64)
GC Precious Log:
 CardTable entry size: 512
 CPUs: 2 total, 2 available
 Memory: 3459M
 Large Page Support: Disabled
 NUMA Support: Disabled
 Compressed Oops: Enabled (32-bit)
 Alignments: Space 512K, Generation 512K, Heap 2M
 Heap Min Capacity: 100M
 Heap Initial Capacity: 100M
 Heap Max Capacity: 2G
 Pre-touch: Disabled
 Parallel Workers: 2
Heap:
 PSYoungGen      total 9216K, used 3317K [0x00000000d5580000, 0x00000000d6d00000, 0x0000000100000000)
  eden space 8704K, 32% used [0x00000000d5580000,0x00000000d583d7e0,0x00000000d5e00000)
  from space 512K, 100% used [0x00000000d6480000,0x00000000d6500000,0x00000000d6500000)
  to   space 6656K, 0% used [0x00000000d5e00000,0x00000000d5e00000,0x00000000d6480000)
 ParOldGen       total 146944K, used 146497K [0x0000000080000000, 0x0000000088f80000, 0x00000000d5580000)
  object space 146944K, 99% used [0x0000000080000000,0x0000000088f107f0,0x0000000088f80000)
 Metaspace       used 76650K, committed 78208K, reserved 1179648K
  class space    used 7987K, committed 8704K, reserved 1048576K
GC Heap History (20 events):
Event: 2903.384 GC heap before
{Heap before GC invocations=76 (full 3):
 PSYoungGen      total 13312K, used 13289K [0x00000000d5580000, 0x00000000d7200000, 0x0000000100000000)
  eden space 10752K, 100% used [0x00000000d5580000,0x00000000d6000000,0x00000000d6000000)
  from space 2560K, 99% used [0x00000000d6780000,0x00000000d69fa7d8,0x00000000d6a00000)
  to   space 7680K, 0% used [0x00000000d6000000,0x00000000d6000000,0x00000000d6780000)
 ParOldGen       total 132096K, used 131743K [0x0000000080000000, 0x0000000088100000, 0x00000000d5580000)
  object space 132096K, 99% used [0x0000000080000000,0x00000000880a7e70,0x0000000088100000)
 Metaspace       used 75846K, committed 77440K, reserved 1179648K
  class space    used 7938K, committed 8640K, reserved 1048576K
}
Event: 2903.390 GC heap after
{Heap after GC invocations=76 (full 3):
 PSYoungGen      total 11776K, used 512K [0x00000000d5580000, 0x00000000d6800000, 0x0000000100000000)
  eden space 10752K, 0% used [0x00000000d5580000,0x00000000d5580000,0x00000000d6000000)
  from space 1024K, 50% used [0x00000000d6000000,0x00000000d6080020,0x00000000d6100000)
  to   space 3072K, 0% used [0x00000000d6500000,0x00000000d6500000,0x00000000d6800000)
 ParOldGen       total 134144K, used 134055K [0x0000000080000000, 0x0000000088300000, 0x00000000d5580000)
  object space 134144K, 99% used [0x0000000080000000,0x00000000882e9d30,0x0000000088300000)
 Metaspace       used 75846K, committed 77440K, reserved 1179648K
  class space    used 7938K, committed 8640K, reserved 1048576K
}
Event: 2903.648 GC heap before
{Heap before GC invocations=77 (full 3):
 PSYoungGen      total 11776K, used 11264K [0x00000000d5580000, 0x00000000d6800000, 0x0000000100000000)
  eden space 10752K, 100% used [0x00000000d5580000,0x00000000d6000000,0x00000000d6000000)
  from space 1024K, 50% used [0x00000000d6000000,0x00000000d6080020,0x00000000d6100000)
  to   space 3072K, 0% used [0x00000000d6500000,0x00000000d6500000,0x00000000d6800000)
 ParOldGen       total 134144K, used 134055K [0x0000000080000000, 0x0000000088300000, 0x00000000d5580000)
  object space 134144K, 99% used [0x0000000080000000,0x00000000882e9d30,0x0000000088300000)
 Metaspace       used 75924K, committed 77504K, reserved 1179648K
  class space    used 7943K, committed 8640K, reserved 1048576K
}
Event: 2903.652 GC heap after
{Heap after GC invocations=77 (full 3):
 PSYoungGen      total 11776K, used 816K [0x00000000d5580000, 0x00000000d6600000, 0x0000000100000000)
  eden space 10752K, 0% used [0x00000000d5580000,0x00000000d5580000,0x00000000d6000000)
  from space 1024K, 79% used [0x00000000d6500000,0x00000000d65cc050,0x00000000d6600000)
  to   space 1536K, 0% used [0x00000000d6300000,0x00000000d6300000,0x00000000d6480000)
 ParOldGen       total 134656K, used 134281K [0x0000000080000000, 0x0000000088380000, 0x00000000d5580000)
  object space 134656K, 99% used [0x0000000080000000,0x0000000088322668,0x0000000088380000)
 Metaspace       used 75924K, committed 77504K, reserved 1179648K
  class space    used 7943K, committed 8640K, reserved 1048576K
}
Event: 2903.851 GC heap before
{Heap before GC invocations=78 (full 3):
 PSYoungGen      total 11776K, used 11568K [0x00000000d5580000, 0x00000000d6600000, 0x0000000100000000)
  eden space 10752K, 100% used [0x00000000d5580000,0x00000000d6000000,0x00000000d6000000)
  from space 1024K, 79% used [0x00000000d6500000,0x00000000d65cc050,0x00000000d6600000)
  to   space 1536K, 0% used [0x00000000d6300000,0x00000000d6300000,0x00000000d6480000)
 ParOldGen       total 134656K, used 134281K [0x0000000080000000, 0x0000000088380000, 0x00000000d5580000)
  object space 134656K, 99% used [0x0000000080000000,0x0000000088322668,0x0000000088380000)
 Metaspace       used 75970K, committed 77568K, reserved 1179648K
  class space    used 7943K, committed 8640K, reserved 1048576K
}
Event: 2903.858 GC heap after
{Heap after GC invocations=78 (full 3):
 PSYoungGen      total 12288K, used 1526K [0x00000000d5580000, 0x00000000d6900000, 0x0000000100000000)
  eden space 10752K, 0% used [0x00000000d5580000,0x00000000d5580000,0x00000000d6000000)
  from space 1536K, 99% used [0x00000000d6300000,0x00000000d647d860,0x00000000d6480000)
  to   space 4608K, 0% used [0x00000000d6480000,0x00000000d6480000,0x00000000d6900000)
 ParOldGen       total 137216K, used 136751K [0x0000000080000000, 0x0000000088600000, 0x00000000d5580000)
  object space 137216K, 99% used [0x0000000080000000,0x000000008858bf90,0x0000000088600000)
 Metaspace       used 75970K, committed 77568K, reserved 1179648K
  class space    used 7943K, committed 8640K, reserved 1048576K
}
Event: 2904.138 GC heap before
{Heap before GC invocations=79 (full 3):
 PSYoungGen      total 12288K, used 12278K [0x00000000d5580000, 0x00000000d6900000, 0x0000000100000000)
  eden space 10752K, 100% used [0x00000000d5580000,0x00000000d6000000,0x00000000d6000000)
  from space 1536K, 99% used [0x00000000d6300000,0x00000000d647d860,0x00000000d6480000)
  to   space 4608K, 0% used [0x00000000d6480000,0x00000000d6480000,0x00000000d6900000)
 ParOldGen       total 137216K, used 136751K [0x0000000080000000, 0x0000000088600000, 0x00000000d5580000)
  object space 137216K, 99% used [0x0000000080000000,0x000000008858bf90,0x0000000088600000)
 Metaspace       used 76321K, committed 77824K, reserved 1179648K
  class space    used 7971K, committed 8640K, reserved 1048576K
}
Event: 2904.142 GC heap after
{Heap after GC invocations=79 (full 3):
 PSYoungGen      total 11264K, used 384K [0x00000000d5580000, 0x00000000d6500000, 0x0000000100000000)
  eden space 10752K, 0% used [0x00000000d5580000,0x00000000d5580000,0x00000000d6000000)
  from space 512K, 75% used [0x00000000d6480000,0x00000000d64e0020,0x00000000d6500000)
  to   space 2048K, 0% used [0x00000000d6100000,0x00000000d6100000,0x00000000d6300000)
 ParOldGen       total 137216K, used 136767K [0x0000000080000000, 0x0000000088600000, 0x00000000d5580000)
  object space 137216K, 99% used [0x0000000080000000,0x000000008858ff90,0x0000000088600000)
 Metaspace       used 76321K, committed 77824K, reserved 1179648K
  class space    used 7971K, committed 8640K, reserved 1048576K
}
Event: 2904.232 GC heap before
{Heap before GC invocations=80 (full 3):
 PSYoungGen      total 11264K, used 11136K [0x00000000d5580000, 0x00000000d6500000, 0x0000000100000000)
  eden space 10752K, 100% used [0x00000000d5580000,0x00000000d6000000,0x00000000d6000000)
  from space 512K, 75% used [0x00000000d6480000,0x00000000d64e0020,0x00000000d6500000)
  to   space 2048K, 0% used [0x00000000d6100000,0x00000000d6100000,0x00000000d6300000)
 ParOldGen       total 137216K, used 136767K [0x0000000080000000, 0x0000000088600000, 0x00000000d5580000)
  object space 137216K, 99% used [0x0000000080000000,0x000000008858ff90,0x0000000088600000)
 Metaspace       used 76393K, committed 77888K, reserved 1179648K
  class space    used 7979K, committed 8640K, reserved 1048576K
}
Event: 2904.239 GC heap after
{Heap after GC invocations=80 (full 3):
 PSYoungGen      total 12800K, used 2018K [0x00000000d5580000, 0x00000000d6b00000, 0x0000000100000000)
  eden space 10752K, 0% used [0x00000000d5580000,0x00000000d5580000,0x00000000d6000000)
  from space 2048K, 98% used [0x00000000d6100000,0x00000000d62f88f0,0x00000000d6300000)
  to   space 5632K, 0% used [0x00000000d6580000,0x00000000d6580000,0x00000000d6b00000)
 ParOldGen       total 139264K, used 139263K [0x0000000080000000, 0x0000000088800000, 0x00000000d5580000)
  object space 139264K, 99% used [0x0000000080000000,0x00000000887fffb0,0x0000000088800000)
 Metaspace       used 76393K, committed 77888K, reserved 1179648K
  class space    used 7979K, committed 8640K, reserved 1048576K
}
Event: 2904.369 GC heap before
{Heap before GC invocations=81 (full 3):
 PSYoungGen      total 12800K, used 12770K [0x00000000d5580000, 0x00000000d6b00000, 0x0000000100000000)
  eden space 10752K, 100% used [0x00000000d5580000,0x00000000d6000000,0x00000000d6000000)
  from space 2048K, 98% used [0x00000000d6100000,0x00000000d62f88f0,0x00000000d6300000)
  to   space 5632K, 0% used [0x00000000d6580000,0x00000000d6580000,0x00000000d6b00000)
 ParOldGen       total 139264K, used 139263K [0x0000000080000000, 0x0000000088800000, 0x00000000d5580000)
  object space 139264K, 99% used [0x0000000080000000,0x00000000887fffb0,0x0000000088800000)
 Metaspace       used 76396K, committed 77888K, reserved 1179648K
  class space    used 7979K, committed 8640K, reserved 1048576K
}
Event: 2904.373 GC heap after
{Heap after GC invocations=81 (full 3):
 PSYoungGen      total 11776K, used 512K [0x00000000d5580000, 0x00000000d6680000, 0x0000000100000000)
  eden space 10752K, 0% used [0x00000000d5580000,0x00000000d5580000,0x00000000d6000000)
  from space 1024K, 50% used [0x00000000d6580000,0x00000000d6600020,0x00000000d6680000)
  to   space 2048K, 0% used [0x00000000d6280000,0x00000000d6280000,0x00000000d6480000)
 ParOldGen       total 139776K, used 139691K [0x0000000080000000, 0x0000000088880000, 0x00000000d5580000)
  object space 139776K, 99% used [0x0000000080000000,0x000000008886afd0,0x0000000088880000)
 Metaspace       used 76396K, committed 77888K, reserved 1179648K
  class space    used 7979K, committed 8640K, reserved 1048576K
}
Event: 2904.588 GC heap before
{Heap before GC invocations=82 (full 3):
 PSYoungGen      total 11776K, used 11264K [0x00000000d5580000, 0x00000000d6680000, 0x0000000100000000)
  eden space 10752K, 100% used [0x00000000d5580000,0x00000000d6000000,0x00000000d6000000)
  from space 1024K, 50% used [0x00000000d6580000,0x00000000d6600020,0x00000000d6680000)
  to   space 2048K, 0% used [0x00000000d6280000,0x00000000d6280000,0x00000000d6480000)
 ParOldGen       total 139776K, used 139691K [0x0000000080000000, 0x0000000088880000, 0x00000000d5580000)
  object space 139776K, 99% used [0x0000000080000000,0x000000008886afd0,0x0000000088880000)
 Metaspace       used 76451K, committed 77952K, reserved 1179648K
  class space    used 7979K, committed 8640K, reserved 1048576K
}
Event: 2904.592 GC heap after
{Heap after GC invocations=82 (full 3):
 PSYoungGen      total 12800K, used 2017K [0x00000000d5580000, 0x00000000d6900000, 0x0000000100000000)
  eden space 10752K, 0% used [0x00000000d5580000,0x00000000d5580000,0x00000000d6000000)
  from space 2048K, 98% used [0x00000000d6280000,0x00000000d6478488,0x00000000d6480000)
  to   space 4608K, 0% used [0x00000000d6480000,0x00000000d6480000,0x00000000d6900000)
 ParOldGen       total 141824K, used 141381K [0x0000000080000000, 0x0000000088a80000, 0x00000000d5580000)
  object space 141824K, 99% used [0x0000000080000000,0x0000000088a11438,0x0000000088a80000)
 Metaspace       used 76451K, committed 77952K, reserved 1179648K
  class space    used 7979K, committed 8640K, reserved 1048576K
}
Event: 2904.704 GC heap before
{Heap before GC invocations=83 (full 3):
 PSYoungGen      total 12800K, used 12769K [0x00000000d5580000, 0x00000000d6900000, 0x0000000100000000)
  eden space 10752K, 100% used [0x00000000d5580000,0x00000000d6000000,0x00000000d6000000)
  from space 2048K, 98% used [0x00000000d6280000,0x00000000d6478488,0x00000000d6480000)
  to   space 4608K, 0% used [0x00000000d6480000,0x00000000d6480000,0x00000000d6900000)
 ParOldGen       total 141824K, used 141381K [0x0000000080000000, 0x0000000088a80000, 0x00000000d5580000)
  object space 141824K, 99% used [0x0000000080000000,0x0000000088a11438,0x0000000088a80000)
 Metaspace       used 76475K, committed 78016K, reserved 1179648K
  class space    used 7982K, committed 8640K, reserved 1048576K
}
Event: 2904.706 GC heap after
{Heap after GC invocations=83 (full 3):
 PSYoungGen      total 11264K, used 224K [0x00000000d5580000, 0x00000000d6500000, 0x0000000100000000)
  eden space 10752K, 0% used [0x00000000d5580000,0x00000000d5580000,0x00000000d6000000)
  from space 512K, 43% used [0x00000000d6480000,0x00000000d64b8020,0x00000000d6500000)
  to   space 1536K, 0% used [0x00000000d6200000,0x00000000d6200000,0x00000000d6380000)
 ParOldGen       total 141824K, used 141405K [0x0000000080000000, 0x0000000088a80000, 0x00000000d5580000)
  object space 141824K, 99% used [0x0000000080000000,0x0000000088a17438,0x0000000088a80000)
 Metaspace       used 76475K, committed 78016K, reserved 1179648K
  class space    used 7982K, committed 8640K, reserved 1048576K
}
Event: 2904.865 GC heap before
{Heap before GC invocations=84 (full 3):
 PSYoungGen      total 11264K, used 10976K [0x00000000d5580000, 0x00000000d6500000, 0x0000000100000000)
  eden space 10752K, 100% used [0x00000000d5580000,0x00000000d6000000,0x00000000d6000000)
  from space 512K, 43% used [0x00000000d6480000,0x00000000d64b8020,0x00000000d6500000)
  to   space 1536K, 0% used [0x00000000d6200000,0x00000000d6200000,0x00000000d6380000)
 ParOldGen       total 141824K, used 141405K [0x0000000080000000, 0x0000000088a80000, 0x00000000d5580000)
  object space 141824K, 99% used [0x0000000080000000,0x0000000088a17438,0x0000000088a80000)
 Metaspace       used 76528K, committed 78080K, reserved 1179648K
  class space    used 7987K, committed 8704K, reserved 1048576K
}
Event: 2904.870 GC heap after
{Heap after GC invocations=84 (full 3):
 PSYoungGen      total 12288K, used 256K [0x00000000d5580000, 0x00000000d6500000, 0x0000000100000000)
  eden space 10752K, 0% used [0x00000000d5580000,0x00000000d5580000,0x00000000d6000000)
  from space 1536K, 16% used [0x00000000d6200000,0x00000000d6240020,0x00000000d6380000)
  to   space 512K, 0% used [0x00000000d6480000,0x00000000d6480000,0x00000000d6500000)
 ParOldGen       total 141824K, used 141573K [0x0000000080000000, 0x0000000088a80000, 0x00000000d5580000)
  object space 141824K, 99% used [0x0000000080000000,0x0000000088a41458,0x0000000088a80000)
 Metaspace       used 76528K, committed 78080K, reserved 1179648K
  class space    used 7987K, committed 8704K, reserved 1048576K
}
Event: 2905.897 GC heap before
{Heap before GC invocations=85 (full 3):
 PSYoungGen      total 12288K, used 11008K [0x00000000d5580000, 0x00000000d6500000, 0x0000000100000000)
  eden space 10752K, 100% used [0x00000000d5580000,0x00000000d6000000,0x00000000d6000000)
  from space 1536K, 16% used [0x00000000d6200000,0x00000000d6240020,0x00000000d6380000)
  to   space 512K, 0% used [0x00000000d6480000,0x00000000d6480000,0x00000000d6500000)
 ParOldGen       total 141824K, used 141573K [0x0000000080000000, 0x0000000088a80000, 0x00000000d5580000)
  object space 141824K, 99% used [0x0000000080000000,0x0000000088a41458,0x0000000088a80000)
 Metaspace       used 76647K, committed 78208K, reserved 1179648K
  class space    used 7987K, committed 8704K, reserved 1048576K
}
Event: 2905.908 GC heap after
{Heap after GC invocations=85 (full 3):
 PSYoungGen      total 9216K, used 512K [0x00000000d5580000, 0x00000000d6d00000, 0x0000000100000000)
  eden space 8704K, 0% used [0x00000000d5580000,0x00000000d5580000,0x00000000d5e00000)
  from space 512K, 100% used [0x00000000d6480000,0x00000000d6500000,0x00000000d6500000)
  to   space 6656K, 0% used [0x00000000d5e00000,0x00000000d5e00000,0x00000000d6480000)
 ParOldGen       total 146944K, used 146497K [0x0000000080000000, 0x0000000088f80000, 0x00000000d5580000)
  object space 146944K, 99% used [0x0000000080000000,0x0000000088f107f0,0x0000000088f80000)
 Metaspace       used 76647K, committed 78208K, reserved 1179648K
  class space    used 7987K, committed 8704K, reserved 1048576K
}

