# JRE version: OpenJDK Runtime Environment Temurin-21.0.11+10 (21.0.11+10) (build 21.0.11+10-LTS)
# Java VM: OpenJDK 64-Bit Server VM Temurin-21.0.11+10 (21.0.11+10-LTS, mixed mode, sharing, tiered, compressed oops, compressed class ptrs, parallel gc, windows-amd64)
GC Precious Log:
 CardTable entry size: 512
 CPUs: 2 total, 2 available
 Memory: 3459M
 Large Page Support: Disabled
 NUMA Support: Disabled
 Compressed Oops: Enabled (32-bit)
 Alignments: Space 512K, Generation 512K, Heap 2M
 Heap Min Capacity: 100M
 Heap Initial Capacity: 100M
 Heap Max Capacity: 2G
 Pre-touch: Disabled
 Parallel Workers: 2
Heap:
 PSYoungGen      total 13824K, used 3791K [0x00000000d5580000, 0x00000000d6780000, 0x0000000100000000)
  eden space 10240K, 2% used [0x00000000d5580000,0x00000000d55b55d0,0x00000000d5f80000)
  from space 3584K, 99% used [0x00000000d5f80000,0x00000000d62fe7a0,0x00000000d6300000)
  to   space 1024K, 0% used [0x00000000d6300000,0x00000000d6300000,0x00000000d6400000)
 ParOldGen       total 112640K, used 112320K [0x0000000080000000, 0x0000000086e00000, 0x00000000d5580000)
  object space 112640K, 99% used [0x0000000080000000,0x0000000086db02c8,0x0000000086e00000)
 Metaspace       used 72847K, committed 74432K, reserved 1179648K
  class space    used 7554K, committed 8256K, reserved 1048576K
GC Heap History (20 events):
Event: 85.134 GC heap before
{Heap before GC invocations=67 (full 3):
 PSYoungGen      total 15360K, used 15023K [0x00000000d5580000, 0x00000000d6980000, 0x0000000100000000)
  eden space 11264K, 97% used [0x00000000d5580000,0x00000000d602ee60,0x00000000d6080000)
  from space 4096K, 99% used [0x00000000d6200000,0x00000000d65fd088,0x00000000d6600000)
  to   space 3584K, 0% used [0x00000000d6600000,0x00000000d6600000,0x00000000d6980000)
 ParOldGen       total 94720K, used 94229K [0x0000000080000000, 0x0000000085c80000, 0x00000000d5580000)
  object space 94720K, 99% used [0x0000000080000000,0x0000000085c055d8,0x0000000085c80000)
 Metaspace       used 70994K, committed 72576K, reserved 1114112K
  class space    used 7368K, committed 8064K, reserved 1048576K
}
Event: 85.139 GC heap after
{Heap after GC invocations=67 (full 3):
 PSYoungGen      total 12800K, used 1461K [0x00000000d5580000, 0x00000000d6780000, 0x0000000100000000)
  eden space 11264K, 0% used [0x00000000d5580000,0x00000000d5580000,0x00000000d6080000)
  from space 1536K, 95% used [0x00000000d6600000,0x00000000d676d658,0x00000000d6780000)
  to   space 2560K, 0% used [0x00000000d6280000,0x00000000d6280000,0x00000000d6500000)
 ParOldGen       total 96768K, used 96533K [0x0000000080000000, 0x0000000085e80000, 0x00000000d5580000)
  object space 96768K, 99% used [0x0000000080000000,0x0000000085e45710,0x0000000085e80000)
 Metaspace       used 70994K, committed 72576K, reserved 1114112K
  class space    used 7368K, committed 8064K, reserved 1048576K
}
Event: 85.227 GC heap before
{Heap before GC invocations=68 (full 3):
 PSYoungGen      total 12800K, used 12725K [0x00000000d5580000, 0x00000000d6780000, 0x0000000100000000)
  eden space 11264K, 100% used [0x00000000d5580000,0x00000000d6080000,0x00000000d6080000)
  from space 1536K, 95% used [0x00000000d6600000,0x00000000d676d658,0x00000000d6780000)
  to   space 2560K, 0% used [0x00000000d6280000,0x00000000d6280000,0x00000000d6500000)
 ParOldGen       total 96768K, used 96533K [0x0000000080000000, 0x0000000085e80000, 0x00000000d5580000)
  object space 96768K, 99% used [0x0000000080000000,0x0000000085e45710,0x0000000085e80000)
 Metaspace       used 71011K, committed 72640K, reserved 1114112K
  class space    used 7368K, committed 8064K, reserved 1048576K
}
Event: 85.235 GC heap after
{Heap after GC invocations=68 (full 3):
 PSYoungGen      total 13824K, used 1297K [0x00000000d5580000, 0x00000000d6680000, 0x0000000100000000)
  eden space 11264K, 0% used [0x00000000d5580000,0x00000000d5580000,0x00000000d6080000)
  from space 2560K, 50% used [0x00000000d6280000,0x00000000d63c44d8,0x00000000d6500000)
  to   space 1536K, 0% used [0x00000000d6500000,0x00000000d6500000,0x00000000d6680000)
 ParOldGen       total 98304K, used 97939K [0x0000000080000000, 0x0000000086000000, 0x00000000d5580000)
  object space 98304K, 99% used [0x0000000080000000,0x0000000085fa4d78,0x0000000086000000)
 Metaspace       used 71011K, committed 72640K, reserved 1114112K
  class space    used 7368K, committed 8064K, reserved 1048576K
}
Event: 85.313 GC heap before
{Heap before GC invocations=69 (full 3):
 PSYoungGen      total 13824K, used 12456K [0x00000000d5580000, 0x00000000d6680000, 0x0000000100000000)
  eden space 11264K, 99% used [0x00000000d5580000,0x00000000d6065cc8,0x00000000d6080000)
  from space 2560K, 50% used [0x00000000d6280000,0x00000000d63c44d8,0x00000000d6500000)
  to   space 1536K, 0% used [0x00000000d6500000,0x00000000d6500000,0x00000000d6680000)
 ParOldGen       total 98304K, used 97939K [0x0000000080000000, 0x0000000086000000, 0x00000000d5580000)
  object space 98304K, 99% used [0x0000000080000000,0x0000000085fa4d78,0x0000000086000000)
 Metaspace       used 71019K, committed 72640K, reserved 1114112K
  class space    used 7368K, committed 8064K, reserved 1048576K
}
Event: 85.316 GC heap after
{Heap after GC invocations=69 (full 3):
 PSYoungGen      total 12800K, used 1389K [0x00000000d5580000, 0x00000000d6680000, 0x0000000100000000)
  eden space 11264K, 0% used [0x00000000d5580000,0x00000000d5580000,0x00000000d6080000)
  from space 1536K, 90% used [0x00000000d6500000,0x00000000d665b528,0x00000000d6680000)
  to   space 1536K, 0% used [0x00000000d6380000,0x00000000d6380000,0x00000000d6500000)
 ParOldGen       total 100864K, used 100496K [0x0000000080000000, 0x0000000086280000, 0x00000000d5580000)
  object space 100864K, 99% used [0x0000000080000000,0x0000000086224048,0x0000000086280000)
 Metaspace       used 71019K, committed 72640K, reserved 1114112K
  class space    used 7368K, committed 8064K, reserved 1048576K
}
Event: 87.184 GC heap before
{Heap before GC invocations=70 (full 3):
 PSYoungGen      total 12800K, used 12653K [0x00000000d5580000, 0x00000000d6680000, 0x0000000100000000)
  eden space 11264K, 100% used [0x00000000d5580000,0x00000000d6080000,0x00000000d6080000)
  from space 1536K, 90% used [0x00000000d6500000,0x00000000d665b528,0x00000000d6680000)
  to   space 1536K, 0% used [0x00000000d6380000,0x00000000d6380000,0x00000000d6500000)
 ParOldGen       total 100864K, used 100496K [0x0000000080000000, 0x0000000086280000, 0x00000000d5580000)
  object space 100864K, 99% used [0x0000000080000000,0x0000000086224048,0x0000000086280000)
 Metaspace       used 71813K, committed 73408K, reserved 1179648K
  class space    used 7462K, committed 8128K, reserved 1048576K
}
Event: 87.190 GC heap after
{Heap after GC invocations=70 (full 3):
 PSYoungGen      total 11776K, used 192K [0x00000000d5580000, 0x00000000d6580000, 0x0000000100000000)
  eden space 11264K, 0% used [0x00000000d5580000,0x00000000d5580000,0x00000000d6080000)
  from space 512K, 37% used [0x00000000d6380000,0x00000000d63b0000,0x00000000d6400000)
  to   space 1024K, 0% used [0x00000000d6480000,0x00000000d6480000,0x00000000d6580000)
 ParOldGen       total 101888K, used 101861K [0x0000000080000000, 0x0000000086380000, 0x00000000d5580000)
  object space 101888K, 99% used [0x0000000080000000,0x0000000086379580,0x0000000086380000)
 Metaspace       used 71813K, committed 73408K, reserved 1179648K
  class space    used 7462K, committed 8128K, reserved 1048576K
}
Event: 89.995 GC heap before
{Heap before GC invocations=71 (full 3):
 PSYoungGen      total 11776K, used 11456K [0x00000000d5580000, 0x00000000d6580000, 0x0000000100000000)
  eden space 11264K, 100% used [0x00000000d5580000,0x00000000d6080000,0x00000000d6080000)
  from space 512K, 37% used [0x00000000d6380000,0x00000000d63b0000,0x00000000d6400000)
  to   space 1024K, 0% used [0x00000000d6480000,0x00000000d6480000,0x00000000d6580000)
 ParOldGen       total 101888K, used 101861K [0x0000000080000000, 0x0000000086380000, 0x00000000d5580000)
  object space 101888K, 99% used [0x0000000080000000,0x0000000086379580,0x0000000086380000)
 Metaspace       used 71894K, committed 73408K, reserved 1179648K
  class space    used 7467K, committed 8128K, reserved 1048576K
}
Event: 90.001 GC heap after
{Heap after GC invocations=71 (full 3):
 PSYoungGen      total 12288K, used 992K [0x00000000d5580000, 0x00000000d6580000, 0x0000000100000000)
  eden space 11264K, 0% used [0x00000000d5580000,0x00000000d5580000,0x00000000d6080000)
  from space 1024K, 96% used [0x00000000d6480000,0x00000000d6578020,0x00000000d6580000)
  to   space 2048K, 0% used [0x00000000d6180000,0x00000000d6180000,0x00000000d6380000)
 ParOldGen       total 102912K, used 102532K [0x0000000080000000, 0x0000000086480000, 0x00000000d5580000)
  object space 102912K, 99% used [0x0000000080000000,0x0000000086421108,0x0000000086480000)
 Metaspace       used 71894K, committed 73408K, reserved 1179648K
  class space    used 7467K, committed 8128K, reserved 1048576K
}
Event: 90.729 GC heap before
{Heap before GC invocations=72 (full 3):
 PSYoungGen      total 12288K, used 12256K [0x00000000d5580000, 0x00000000d6580000, 0x0000000100000000)
  eden space 11264K, 100% used [0x00000000d5580000,0x00000000d6080000,0x00000000d6080000)
  from space 1024K, 96% used [0x00000000d6480000,0x00000000d6578020,0x00000000d6580000)
  to   space 2048K, 0% used [0x00000000d6180000,0x00000000d6180000,0x00000000d6380000)
 ParOldGen       total 102912K, used 102532K [0x0000000080000000, 0x0000000086480000, 0x00000000d5580000)
  object space 102912K, 99% used [0x0000000080000000,0x0000000086421108,0x0000000086480000)
 Metaspace       used 72563K, committed 74176K, reserved 1179648K
  class space    used 7540K, committed 8256K, reserved 1048576K
}
Event: 90.733 GC heap after
{Heap after GC invocations=72 (full 3):
 PSYoungGen      total 13312K, used 1317K [0x00000000d5580000, 0x00000000d6500000, 0x0000000100000000)
  eden space 11264K, 0% used [0x00000000d5580000,0x00000000d5580000,0x00000000d6080000)
  from space 2048K, 64% used [0x00000000d6180000,0x00000000d62c9678,0x00000000d6380000)
  to   space 1536K, 0% used [0x00000000d6380000,0x00000000d6380000,0x00000000d6500000)
 ParOldGen       total 103936K, used 103529K [0x0000000080000000, 0x0000000086580000, 0x00000000d5580000)
  object space 103936K, 99% used [0x0000000080000000,0x000000008651a6b0,0x0000000086580000)
 Metaspace       used 72563K, committed 74176K, reserved 1179648K
  class space    used 7540K, committed 8256K, reserved 1048576K
}
Event: 91.297 GC heap before
{Heap before GC invocations=73 (full 3):
 PSYoungGen      total 13312K, used 12581K [0x00000000d5580000, 0x00000000d6500000, 0x0000000100000000)
  eden space 11264K, 100% used [0x00000000d5580000,0x00000000d6080000,0x00000000d6080000)
  from space 2048K, 64% used [0x00000000d6180000,0x00000000d62c9678,0x00000000d6380000)
  to   space 1536K, 0% used [0x00000000d6380000,0x00000000d6380000,0x00000000d6500000)
 ParOldGen       total 103936K, used 103529K [0x0000000080000000, 0x0000000086580000, 0x00000000d5580000)
  object space 103936K, 99% used [0x0000000080000000,0x000000008651a6b0,0x0000000086580000)
 Metaspace       used 72677K, committed 74304K, reserved 1179648K
  class space    used 7551K, committed 8256K, reserved 1048576K
}
Event: 91.301 GC heap after
{Heap after GC invocations=73 (full 3):
 PSYoungGen      total 12800K, used 1216K [0x00000000d5580000, 0x00000000d6500000, 0x0000000100000000)
  eden space 11264K, 0% used [0x00000000d5580000,0x00000000d5580000,0x00000000d6080000)
  from space 1536K, 79% used [0x00000000d6380000,0x00000000d64b0000,0x00000000d6500000)
  to   space 1536K, 0% used [0x00000000d6200000,0x00000000d6200000,0x00000000d6380000)
 ParOldGen       total 104448K, used 104023K [0x0000000080000000, 0x0000000086600000, 0x00000000d5580000)
  object space 104448K, 99% used [0x0000000080000000,0x0000000086595cc8,0x0000000086600000)
 Metaspace       used 72677K, committed 74304K, reserved 1179648K
  class space    used 7551K, committed 8256K, reserved 1048576K
}
Event: 94.216 GC heap before
{Heap before GC invocations=74 (full 3):
 PSYoungGen      total 12800K, used 12480K [0x00000000d5580000, 0x00000000d6500000, 0x0000000100000000)
  eden space 11264K, 100% used [0x00000000d5580000,0x00000000d6080000,0x00000000d6080000)
  from space 1536K, 79% used [0x00000000d6380000,0x00000000d64b0000,0x00000000d6500000)
  to   space 1536K, 0% used [0x00000000d6200000,0x00000000d6200000,0x00000000d6380000)
 ParOldGen       total 104448K, used 104023K [0x0000000080000000, 0x0000000086600000, 0x00000000d5580000)
  object space 104448K, 99% used [0x0000000080000000,0x0000000086595cc8,0x0000000086600000)
 Metaspace       used 72801K, committed 74432K, reserved 1179648K
  class space    used 7554K, committed 8256K, reserved 1048576K
}
Event: 94.222 GC heap after
{Heap after GC invocations=74 (full 3):
 PSYoungGen      total 11776K, used 384K [0x00000000d5580000, 0x00000000d6400000, 0x0000000100000000)
  eden space 11264K, 0% used [0x00000000d5580000,0x00000000d5580000,0x00000000d6080000)
  from space 512K, 75% used [0x00000000d6200000,0x00000000d6260020,0x00000000d6280000)
  to   space 1024K, 0% used [0x00000000d6300000,0x00000000d6300000,0x00000000d6400000)
 ParOldGen       total 105472K, used 105152K [0x0000000080000000, 0x0000000086700000, 0x00000000d5580000)
  object space 105472K, 99% used [0x0000000080000000,0x00000000866b0188,0x0000000086700000)
 Metaspace       used 72801K, committed 74432K, reserved 1179648K
  class space    used 7554K, committed 8256K, reserved 1048576K
}
Event: 94.547 GC heap before
{Heap before GC invocations=75 (full 3):
 PSYoungGen      total 11776K, used 11602K [0x00000000d5580000, 0x00000000d6400000, 0x0000000100000000)
  eden space 11264K, 99% used [0x00000000d5580000,0x00000000d6074860,0x00000000d6080000)
  from space 512K, 75% used [0x00000000d6200000,0x00000000d6260020,0x00000000d6280000)
  to   space 1024K, 0% used [0x00000000d6300000,0x00000000d6300000,0x00000000d6400000)
 ParOldGen       total 105472K, used 105152K [0x0000000080000000, 0x0000000086700000, 0x00000000d5580000)
  object space 105472K, 99% used [0x0000000080000000,0x00000000866b0188,0x0000000086700000)
 Metaspace       used 72838K, committed 74432K, reserved 1179648K
  class space    used 7554K, committed 8256K, reserved 1048576K
}
Event: 94.557 GC heap after
{Heap after GC invocations=75 (full 3):
 PSYoungGen      total 11264K, used 1001K [0x00000000d5580000, 0x00000000d6780000, 0x0000000100000000)
  eden space 10240K, 0% used [0x00000000d5580000,0x00000000d5580000,0x00000000d5f80000)
  from space 1024K, 97% used [0x00000000d6300000,0x00000000d63fa7d0,0x00000000d6400000)
  to   space 3584K, 0% used [0x00000000d5f80000,0x00000000d5f80000,0x00000000d6300000)
 ParOldGen       total 107520K, used 107186K [0x0000000080000000, 0x0000000086900000, 0x00000000d5580000)
  object space 107520K, 99% used [0x0000000080000000,0x00000000868acb10,0x0000000086900000)
 Metaspace       used 72838K, committed 74432K, reserved 1179648K
  class space    used 7554K, committed 8256K, reserved 1048576K
}
Event: 95.449 GC heap before
{Heap before GC invocations=76 (full 3):
 PSYoungGen      total 11264K, used 11241K [0x00000000d5580000, 0x00000000d6780000, 0x0000000100000000)
  eden space 10240K, 100% used [0x00000000d5580000,0x00000000d5f80000,0x00000000d5f80000)
  from space 1024K, 97% used [0x00000000d6300000,0x00000000d63fa7d0,0x00000000d6400000)
  to   space 3584K, 0% used [0x00000000d5f80000,0x00000000d5f80000,0x00000000d6300000)
 ParOldGen       total 107520K, used 107186K [0x0000000080000000, 0x0000000086900000, 0x00000000d5580000)
  object space 107520K, 99% used [0x0000000080000000,0x00000000868acb10,0x0000000086900000)
 Metaspace       used 72847K, committed 74432K, reserved 1179648K
  class space    used 7554K, committed 8256K, reserved 1048576K
}
Event: 96.020 GC heap after
{Heap after GC invocations=76 (full 3):
 PSYoungGen      total 13824K, used 3577K [0x00000000d5580000, 0x00000000d6780000, 0x0000000100000000)
  eden space 10240K, 0% used [0x00000000d5580000,0x00000000d5580000,0x00000000d5f80000)
  from space 3584K, 99% used [0x00000000d5f80000,0x00000000d62fe7a0,0x00000000d6300000)
  to   space 1024K, 0% used [0x00000000d6300000,0x00000000d6300000,0x00000000d6400000)
 ParOldGen       total 112640K, used 112320K [0x0000000080000000, 0x0000000086e00000, 0x00000000d5580000)
  object space 112640K, 99% used [0x0000000080000000,0x0000000086db02c8,0x0000000086e00000)
 Metaspace       used 72847K, committed 74432K, reserved 1179648K
  class space    used 7554K, committed 8256K, reserved 1048576K
}

